  CglZeroHalfTest.cpp
  CglZeroHalf.cpp
  Cgl012cut.cpp
  CglTwomir.cpp
  CglTreeInfo.cpp
  CglStored.cpp
  CglSimpleRounding.cpp
  CglResidualCapacityTest.cpp
  CglResidualCapacity.cpp
  CglRedSplitParam.cpp
  CglRedSplit.cpp
  CglRedSplit2Test.cpp
  CglRedSplit2Param.cpp
  CglRedSplit2.cpp
  CglProbing.cpp
  CglPreProcess.cpp
  CglParam.cpp
  CglOddHole.cpp
  CglMixedIntegerRounding2.cpp
  CglMixedIntegerRounding.cpp
  Generating Code...
  Compiling...
  CglMessage.cpp
  CglLiftAndProject.cpp
  CglLandPValidator.cpp
  CglLandPUtils.cpp
  CglLandPTabRow.cpp
  CglLandPSimplex.cpp
  CglLandPMessages.cpp
  CglLandP.cpp
  CglKnapsackCover.cpp
  CglGomory.cpp
  CglGMIParam.cpp
  CglGMI.cpp
  CglFlowCover.cpp
  CglDuplicateRow.cpp
  CglCutGenerator.cpp
  CglCliqueHelper.cpp
  CglClique.cpp
  CglAllDifferent.cpp
  Generating Code...
  libCgl.vcxproj -> E:\svn\Cbc-2.9.8\Cbc\MSVisualStudio\v10\x64-v140-Debug\libCgl.lib
