This file contains any messages produced by compilers while
running configure, to aid debugging if configure makes a mistake.

It was created by configure, which was
generated by GNU Autoconf 2.65.  Invocation command line was

  $ ./configure --prefix=/home/dwelter/src/pestpp/pest++/lapackpp-2.5.4_linux --with-lapack=/usr/lib/liblapack.so.3 --with-blas=/usr/lib/libblas.so.3

## --------- ##
## Platform. ##
## --------- ##

hostname = anole-linux
uname -m = x86_64
uname -r = 3.5.0-23-generic
uname -s = Linux
uname -v = #35-Ubuntu SMP Thu Jan 24 13:15:40 UTC 2013

/usr/bin/uname -p = unknown
/bin/uname -X     = unknown

/bin/arch              = unknown
/usr/bin/arch -k       = unknown
/usr/convex/getsysinfo = unknown
/usr/bin/hostinfo      = unknown
/bin/machine           = unknown
/usr/bin/oslevel       = unknown
/bin/universe          = unknown

PATH: /usr/lib/lightdm/lightdm
PATH: /usr/local/sbin
PATH: /usr/local/bin
PATH: /usr/sbin
PATH: /usr/bin
PATH: /sbin
PATH: /bin
PATH: /usr/games
PATH: /usr/local/games


## ----------- ##
## Core tests. ##
## ----------- ##

configure:2789: checking build system type
configure:2803: result: x86_64-unknown-linux-gnu
configure:2823: checking host system type
configure:2836: result: x86_64-unknown-linux-gnu
configure:2856: checking target system type
configure:2869: result: x86_64-unknown-linux-gnu
configure:2932: checking for a BSD-compatible install
configure:3000: result: /usr/bin/install -c
configure:3011: checking whether build environment is sane
configure:3061: result: yes
configure:3192: checking for a thread-safe mkdir -p
configure:3231: result: /bin/mkdir -p
configure:3244: checking for gawk
configure:3274: result: no
configure:3244: checking for mawk
configure:3260: found /usr/bin/mawk
configure:3271: result: mawk
configure:3282: checking whether make sets $(MAKE)
configure:3304: result: yes
configure:3422: checking whether make sets $(MAKE)
configure:3444: result: yes
configure:3463: checking whether build environment is sane
configure:3513: result: yes
configure:3576: checking for g++
configure:3592: found /usr/bin/g++
configure:3603: result: g++
configure:3630: checking for C++ compiler version
configure:3639: g++ --version >&5
g++ (Ubuntu/Linaro 4.7.2-2ubuntu1) 4.7.2
Copyright (C) 2012 Free Software Foundation, Inc.
This is free software; see the source for copying conditions.  There is NO
warranty; not even for MERCHANTABILITY or FITNESS FOR A PARTICULAR PURPOSE.

configure:3650: $? = 0
configure:3639: g++ -v >&5
Using built-in specs.
COLLECT_GCC=g++
COLLECT_LTO_WRAPPER=/usr/lib/gcc/x86_64-linux-gnu/4.7/lto-wrapper
Target: x86_64-linux-gnu
Configured with: ../src/configure -v --with-pkgversion='Ubuntu/Linaro 4.7.2-2ubuntu1' --with-bugurl=file:///usr/share/doc/gcc-4.7/README.Bugs --enable-languages=c,c++,go,fortran,objc,obj-c++ --prefix=/usr --program-suffix=-4.7 --enable-shared --enable-linker-build-id --with-system-zlib --libexecdir=/usr/lib --without-included-gettext --enable-threads=posix --with-gxx-include-dir=/usr/include/c++/4.7 --libdir=/usr/lib --enable-nls --with-sysroot=/ --enable-clocale=gnu --enable-libstdcxx-debug --enable-libstdcxx-time=yes --enable-gnu-unique-object --enable-plugin --enable-objc-gc --disable-werror --with-arch-32=i686 --with-tune=generic --enable-checking=release --build=x86_64-linux-gnu --host=x86_64-linux-gnu --target=x86_64-linux-gnu
Thread model: posix
gcc version 4.7.2 (Ubuntu/Linaro 4.7.2-2ubuntu1) 
configure:3650: $? = 0
configure:3639: g++ -V >&5
g++: error: unrecognized command line option '-V'
g++: fatal error: no input files
compilation terminated.
configure:3650: $? = 4
configure:3639: g++ -qversion >&5
g++: error: unrecognized command line option '-qversion'
g++: fatal error: no input files
compilation terminated.
configure:3650: $? = 4
configure:3670: checking whether the C++ compiler works
configure:3692: g++    conftest.cpp  >&5
configure:3696: $? = 0
configure:3745: result: yes
configure:3748: checking for C++ compiler default output file name
configure:3750: result: a.out
configure:3756: checking for suffix of executables
configure:3763: g++ -o conftest    conftest.cpp  >&5
configure:3767: $? = 0
configure:3789: result: 
configure:3811: checking whether we are cross compiling
configure:3819: g++ -o conftest    conftest.cpp  >&5
configure:3823: $? = 0
configure:3830: ./conftest
configure:3834: $? = 0
configure:3849: result: no
configure:3854: checking for suffix of object files
configure:3876: g++ -c   conftest.cpp >&5
configure:3880: $? = 0
configure:3901: result: o
configure:3905: checking whether we are using the GNU C++ compiler
configure:3924: g++ -c   conftest.cpp >&5
configure:3924: $? = 0
configure:3933: result: yes
configure:3942: checking whether g++ accepts -g
configure:3962: g++ -c -g  conftest.cpp >&5
configure:3962: $? = 0
configure:4003: result: yes
configure:4037: checking for style of include used by make
configure:4065: result: GNU
configure:4090: checking dependency style of g++
configure:4200: result: gcc3
configure:4263: checking for gcc
configure:4279: found /usr/bin/gcc
configure:4290: result: gcc
configure:4519: checking for C compiler version
configure:4528: gcc --version >&5
gcc (Ubuntu/Linaro 4.7.2-2ubuntu1) 4.7.2
Copyright (C) 2012 Free Software Foundation, Inc.
This is free software; see the source for copying conditions.  There is NO
warranty; not even for MERCHANTABILITY or FITNESS FOR A PARTICULAR PURPOSE.

configure:4539: $? = 0
configure:4528: gcc -v >&5
Using built-in specs.
COLLECT_GCC=gcc
COLLECT_LTO_WRAPPER=/usr/lib/gcc/x86_64-linux-gnu/4.7/lto-wrapper
Target: x86_64-linux-gnu
Configured with: ../src/configure -v --with-pkgversion='Ubuntu/Linaro 4.7.2-2ubuntu1' --with-bugurl=file:///usr/share/doc/gcc-4.7/README.Bugs --enable-languages=c,c++,go,fortran,objc,obj-c++ --prefix=/usr --program-suffix=-4.7 --enable-shared --enable-linker-build-id --with-system-zlib --libexecdir=/usr/lib --without-included-gettext --enable-threads=posix --with-gxx-include-dir=/usr/include/c++/4.7 --libdir=/usr/lib --enable-nls --with-sysroot=/ --enable-clocale=gnu --enable-libstdcxx-debug --enable-libstdcxx-time=yes --enable-gnu-unique-object --enable-plugin --enable-objc-gc --disable-werror --with-arch-32=i686 --with-tune=generic --enable-checking=release --build=x86_64-linux-gnu --host=x86_64-linux-gnu --target=x86_64-linux-gnu
Thread model: posix
gcc version 4.7.2 (Ubuntu/Linaro 4.7.2-2ubuntu1) 
configure:4539: $? = 0
configure:4528: gcc -V >&5
gcc: error: unrecognized command line option '-V'
gcc: fatal error: no input files
compilation terminated.
configure:4539: $? = 4
configure:4528: gcc -qversion >&5
gcc: error: unrecognized command line option '-qversion'
gcc: fatal error: no input files
compilation terminated.
configure:4539: $? = 4
configure:4543: checking whether we are using the GNU C compiler
configure:4562: gcc -c   conftest.c >&5
configure:4562: $? = 0
configure:4571: result: yes
configure:4580: checking whether gcc accepts -g
configure:4600: gcc -c -g  conftest.c >&5
configure:4600: $? = 0
configure:4641: result: yes
configure:4658: checking for gcc option to accept ISO C89
configure:4722: gcc  -c -g -O2  conftest.c >&5
configure:4722: $? = 0
configure:4735: result: none needed
configure:4757: checking dependency style of gcc
configure:4867: result: gcc3
configure:4887: checking how to run the C preprocessor
configure:4918: gcc -E  conftest.c
configure:4918: $? = 0
configure:4932: gcc -E  conftest.c
conftest.c:15:28: fatal error: ac_nonexistent.h: No such file or directory
compilation terminated.
configure:4932: $? = 1
configure: failed program was:
| /* confdefs.h */
| #define PACKAGE_NAME ""
| #define PACKAGE_TARNAME ""
| #define PACKAGE_VERSION ""
| #define PACKAGE_STRING ""
| #define PACKAGE_BUGREPORT ""
| #define PACKAGE_URL ""
| #define PACKAGE "lapackpp"
| #define VERSION "2.5.4"
| #define LAPACKPP_VERSION_MAJOR 2
| #define LAPACKPP_VERSION_MINOR 5
| #define LAPACKPP_VERSION_PATCHLEVEL 4
| #define LAPACKPP_VERSION_STRING "2.5.4"
| /* end confdefs.h.  */
| #include <ac_nonexistent.h>
configure:4957: result: gcc -E
configure:4977: gcc -E  conftest.c
configure:4977: $? = 0
configure:4991: gcc -E  conftest.c
conftest.c:15:28: fatal error: ac_nonexistent.h: No such file or directory
compilation terminated.
configure:4991: $? = 1
configure: failed program was:
| /* confdefs.h */
| #define PACKAGE_NAME ""
| #define PACKAGE_TARNAME ""
| #define PACKAGE_VERSION ""
| #define PACKAGE_STRING ""
| #define PACKAGE_BUGREPORT ""
| #define PACKAGE_URL ""
| #define PACKAGE "lapackpp"
| #define VERSION "2.5.4"
| #define LAPACKPP_VERSION_MAJOR 2
| #define LAPACKPP_VERSION_MINOR 5
| #define LAPACKPP_VERSION_PATCHLEVEL 4
| #define LAPACKPP_VERSION_STRING "2.5.4"
| /* end confdefs.h.  */
| #include <ac_nonexistent.h>
configure:5053: checking for sed
configure:5071: found /bin/sed
configure:5083: result: /bin/sed
configure:5452: checking for a sed that does not truncate output
configure:5516: result: /bin/sed
configure:5534: checking for grep that handles long lines and -e
configure:5592: result: /bin/grep
configure:5597: checking for egrep
configure:5659: result: /bin/grep -E
configure:5664: checking for fgrep
configure:5726: result: /bin/grep -F
configure:5761: checking for ld used by gcc
configure:5828: result: /usr/bin/ld
configure:5835: checking if the linker (/usr/bin/ld) is GNU ld
configure:5850: result: yes
configure:5862: checking for BSD- or MS-compatible name lister (nm)
configure:5911: result: /usr/bin/nm -B
configure:6029: checking the name lister (/usr/bin/nm -B) interface
configure:6036: gcc -c -g -O2  conftest.c >&5
configure:6039: /usr/bin/nm -B "conftest.o"
configure:6042: output
0000000000000000 B some_variable
configure:6049: result: BSD nm
configure:6052: checking whether ln -s works
configure:6056: result: yes
configure:6064: checking the maximum length of command line arguments
configure:6184: result: 1572864
configure:6201: checking whether the shell understands some XSI constructs
configure:6211: result: yes
configure:6215: checking whether the shell understands "+="
configure:6221: result: yes
configure:6256: checking for /usr/bin/ld option to reload object files
configure:6263: result: -r
configure:6332: checking for objdump
configure:6359: result: objdump
configure:6388: checking how to recognize dependent libraries
configure:6584: result: pass_all
configure:6644: checking for ar
configure:6660: found /usr/bin/ar
configure:6671: result: ar
configure:6749: checking for strip
configure:6765: found /usr/bin/strip
configure:6776: result: strip
configure:6848: checking for ranlib
configure:6864: found /usr/bin/ranlib
configure:6875: result: ranlib
configure:6965: checking command to parse /usr/bin/nm -B output from gcc object
configure:7083: gcc -c -g -O2  conftest.c >&5
configure:7086: $? = 0
configure:7090: /usr/bin/nm -B conftest.o \| sed -n -e 's/^.*[	 ]\([ABCDGIRSTW][ABCDGIRSTW]*\)[	 ][	 ]*\([_A-Za-z][_A-Za-z0-9]*\)$/\1 \2 \2/p' \> conftest.nm
configure:7093: $? = 0
configure:7147: gcc -o conftest -g -O2   conftest.c conftstm.o >&5
configure:7150: $? = 0
configure:7188: result: ok
configure:7284: gcc -c -g -O2  conftest.c >&5
configure:7287: $? = 0
configure:7993: checking for ANSI C header files
configure:8013: gcc -c -g -O2  conftest.c >&5
configure:8013: $? = 0
configure:8086: gcc -o conftest -g -O2   conftest.c  >&5
configure:8086: $? = 0
configure:8086: ./conftest
configure:8086: $? = 0
configure:8097: result: yes
configure:8110: checking for sys/types.h
configure:8110: gcc -c -g -O2  conftest.c >&5
configure:8110: $? = 0
configure:8110: result: yes
configure:8110: checking for sys/stat.h
configure:8110: gcc -c -g -O2  conftest.c >&5
configure:8110: $? = 0
configure:8110: result: yes
configure:8110: checking for stdlib.h
configure:8110: gcc -c -g -O2  conftest.c >&5
configure:8110: $? = 0
configure:8110: result: yes
configure:8110: checking for string.h
configure:8110: gcc -c -g -O2  conftest.c >&5
configure:8110: $? = 0
configure:8110: result: yes
configure:8110: checking for memory.h
configure:8110: gcc -c -g -O2  conftest.c >&5
configure:8110: $? = 0
configure:8110: result: yes
configure:8110: checking for strings.h
configure:8110: gcc -c -g -O2  conftest.c >&5
configure:8110: $? = 0
configure:8110: result: yes
configure:8110: checking for inttypes.h
configure:8110: gcc -c -g -O2  conftest.c >&5
configure:8110: $? = 0
configure:8110: result: yes
configure:8110: checking for stdint.h
configure:8110: gcc -c -g -O2  conftest.c >&5
configure:8110: $? = 0
configure:8110: result: yes
configure:8110: checking for unistd.h
configure:8110: gcc -c -g -O2  conftest.c >&5
configure:8110: $? = 0
configure:8110: result: yes
configure:8125: checking for dlfcn.h
configure:8125: gcc -c -g -O2  conftest.c >&5
configure:8125: $? = 0
configure:8125: result: yes
configure:8250: checking for C++ compiler version
configure:8259: g++ --version >&5
g++ (Ubuntu/Linaro 4.7.2-2ubuntu1) 4.7.2
Copyright (C) 2012 Free Software Foundation, Inc.
This is free software; see the source for copying conditions.  There is NO
warranty; not even for MERCHANTABILITY or FITNESS FOR A PARTICULAR PURPOSE.

configure:8270: $? = 0
configure:8259: g++ -v >&5
Using built-in specs.
COLLECT_GCC=g++
COLLECT_LTO_WRAPPER=/usr/lib/gcc/x86_64-linux-gnu/4.7/lto-wrapper
Target: x86_64-linux-gnu
Configured with: ../src/configure -v --with-pkgversion='Ubuntu/Linaro 4.7.2-2ubuntu1' --with-bugurl=file:///usr/share/doc/gcc-4.7/README.Bugs --enable-languages=c,c++,go,fortran,objc,obj-c++ --prefix=/usr --program-suffix=-4.7 --enable-shared --enable-linker-build-id --with-system-zlib --libexecdir=/usr/lib --without-included-gettext --enable-threads=posix --with-gxx-include-dir=/usr/include/c++/4.7 --libdir=/usr/lib --enable-nls --with-sysroot=/ --enable-clocale=gnu --enable-libstdcxx-debug --enable-libstdcxx-time=yes --enable-gnu-unique-object --enable-plugin --enable-objc-gc --disable-werror --with-arch-32=i686 --with-tune=generic --enable-checking=release --build=x86_64-linux-gnu --host=x86_64-linux-gnu --target=x86_64-linux-gnu
Thread model: posix
gcc version 4.7.2 (Ubuntu/Linaro 4.7.2-2ubuntu1) 
configure:8270: $? = 0
configure:8259: g++ -V >&5
g++: error: unrecognized command line option '-V'
g++: fatal error: no input files
compilation terminated.
configure:8270: $? = 4
configure:8259: g++ -qversion >&5
g++: error: unrecognized command line option '-qversion'
g++: fatal error: no input files
compilation terminated.
configure:8270: $? = 4
configure:8274: checking whether we are using the GNU C++ compiler
configure:8302: result: yes
configure:8311: checking whether g++ accepts -g
configure:8372: result: yes
configure:8397: checking dependency style of g++
configure:8507: result: gcc3
configure:8530: checking how to run the C++ preprocessor
configure:8557: g++ -E  conftest.cpp
configure:8557: $? = 0
configure:8571: g++ -E  conftest.cpp
conftest.cpp:26:28: fatal error: ac_nonexistent.h: No such file or directory
compilation terminated.
configure:8571: $? = 1
configure: failed program was:
| /* confdefs.h */
| #define PACKAGE_NAME ""
| #define PACKAGE_TARNAME ""
| #define PACKAGE_VERSION ""
| #define PACKAGE_STRING ""
| #define PACKAGE_BUGREPORT ""
| #define PACKAGE_URL ""
| #define PACKAGE "lapackpp"
| #define VERSION "2.5.4"
| #define LAPACKPP_VERSION_MAJOR 2
| #define LAPACKPP_VERSION_MINOR 5
| #define LAPACKPP_VERSION_PATCHLEVEL 4
| #define LAPACKPP_VERSION_STRING "2.5.4"
| #define STDC_HEADERS 1
| #define HAVE_SYS_TYPES_H 1
| #define HAVE_SYS_STAT_H 1
| #define HAVE_STDLIB_H 1
| #define HAVE_STRING_H 1
| #define HAVE_MEMORY_H 1
| #define HAVE_STRINGS_H 1
| #define HAVE_INTTYPES_H 1
| #define HAVE_STDINT_H 1
| #define HAVE_UNISTD_H 1
| #define HAVE_DLFCN_H 1
| /* end confdefs.h.  */
| #include <ac_nonexistent.h>
configure:8596: result: g++ -E
configure:8616: g++ -E  conftest.cpp
configure:8616: $? = 0
configure:8630: g++ -E  conftest.cpp
conftest.cpp:26:28: fatal error: ac_nonexistent.h: No such file or directory
compilation terminated.
configure:8630: $? = 1
configure: failed program was:
| /* confdefs.h */
| #define PACKAGE_NAME ""
| #define PACKAGE_TARNAME ""
| #define PACKAGE_VERSION ""
| #define PACKAGE_STRING ""
| #define PACKAGE_BUGREPORT ""
| #define PACKAGE_URL ""
| #define PACKAGE "lapackpp"
| #define VERSION "2.5.4"
| #define LAPACKPP_VERSION_MAJOR 2
| #define LAPACKPP_VERSION_MINOR 5
| #define LAPACKPP_VERSION_PATCHLEVEL 4
| #define LAPACKPP_VERSION_STRING "2.5.4"
| #define STDC_HEADERS 1
| #define HAVE_SYS_TYPES_H 1
| #define HAVE_SYS_STAT_H 1
| #define HAVE_STDLIB_H 1
| #define HAVE_STRING_H 1
| #define HAVE_MEMORY_H 1
| #define HAVE_STRINGS_H 1
| #define HAVE_INTTYPES_H 1
| #define HAVE_STDINT_H 1
| #define HAVE_UNISTD_H 1
| #define HAVE_DLFCN_H 1
| /* end confdefs.h.  */
| #include <ac_nonexistent.h>
configure:8775: checking for objdir
configure:8790: result: .libs
configure:9086: checking if gcc supports -fno-rtti -fno-exceptions
configure:9104: gcc -c -g -O2  -fno-rtti -fno-exceptions conftest.c >&5
cc1: warning: command line option '-fno-rtti' is valid for C++/ObjC++ but not for C [enabled by default]
configure:9108: $? = 0
configure:9121: result: no
configure:9141: checking for gcc option to produce PIC
configure:9413: result: -fPIC -DPIC
configure:9425: checking if gcc PIC flag -fPIC -DPIC works
configure:9443: gcc -c -g -O2  -fPIC -DPIC -DPIC conftest.c >&5
configure:9447: $? = 0
configure:9460: result: yes
configure:9484: checking if gcc static flag -static works
configure:9512: result: yes
configure:9527: checking if gcc supports -c -o file.o
configure:9548: gcc -c -g -O2  -o out/conftest2.o conftest.c >&5
configure:9552: $? = 0
configure:9574: result: yes
configure:9582: checking if gcc supports -c -o file.o
configure:9629: result: yes
configure:9662: checking whether the gcc linker (/usr/bin/ld -m elf_x86_64) supports shared libraries
configure:10653: result: yes
configure:10690: checking whether -lc should be explicitly linked in
configure:10695: gcc -c -g -O2  conftest.c >&5
configure:10698: $? = 0
configure:10713: gcc -shared conftest.o  -v -Wl,-soname -Wl,conftest -o conftest 2\>\&1 \| /bin/grep  -lc  \>/dev/null 2\>\&1
configure:10716: $? = 0
configure:10728: result: no
configure:10892: checking dynamic linker characteristics
configure:11325: gcc -o conftest -g -O2   -Wl,-rpath -Wl,/foo conftest.c  >&5
configure:11325: $? = 0
configure:11555: result: GNU/Linux ld.so
configure:11657: checking how to hardcode library paths into programs
configure:11682: result: immediate
configure:12202: checking whether stripping libraries is possible
configure:12207: result: yes
configure:12242: checking if libtool supports shared libraries
configure:12244: result: yes
configure:12247: checking whether to build shared libraries
configure:12268: result: yes
configure:12271: checking whether to build static libraries
configure:12275: result: no
configure:12425: checking for ld used by g++
configure:12492: result: /usr/bin/ld -m elf_x86_64
configure:12499: checking if the linker (/usr/bin/ld -m elf_x86_64) is GNU ld
configure:12514: result: yes
configure:12569: checking whether the g++ linker (/usr/bin/ld -m elf_x86_64) supports shared libraries
configure:13482: result: yes
configure:13510: g++ -c -g -O2  conftest.cpp >&5
configure:13513: $? = 0
configure:13695: checking for g++ option to produce PIC
configure:14012: result: -fPIC -DPIC
configure:14021: checking if g++ PIC flag -fPIC -DPIC works
configure:14039: g++ -c -g -O2  -fPIC -DPIC -DPIC conftest.cpp >&5
configure:14043: $? = 0
configure:14056: result: yes
configure:14077: checking if g++ static flag -static works
configure:14105: result: yes
configure:14117: checking if g++ supports -c -o file.o
configure:14138: g++ -c -g -O2  -o out/conftest2.o conftest.cpp >&5
configure:14142: $? = 0
configure:14164: result: yes
configure:14169: checking if g++ supports -c -o file.o
configure:14216: result: yes
configure:14246: checking whether the g++ linker (/usr/bin/ld -m elf_x86_64) supports shared libraries
configure:14275: result: yes
configure:14412: checking dynamic linker characteristics
configure:14793: g++ -o conftest -g -O2   -Wl,-rpath -Wl,/foo conftest.cpp  >&5
configure:14793: $? = 0
configure:15023: result: GNU/Linux ld.so
configure:15074: checking how to hardcode library paths into programs
configure:15099: result: immediate
configure:15158: checking for an ANSI C-conforming const
configure:15223: gcc -c -g -O2  conftest.c >&5
configure:15223: $? = 0
configure:15230: result: yes
configure:15239: checking for ANSI C header files
configure:15343: result: yes
configure:15354: checking for stdlib.h
configure:15354: result: yes
configure:15354: checking for unistd.h
configure:15354: result: yes
configure:15375: checking bits/cpp_type_traits.h usability
configure:15375: g++ -c -g -O2  conftest.cpp >&5
configure:15375: $? = 0
configure:15375: result: yes
configure:15375: checking bits/cpp_type_traits.h presence
configure:15375: g++ -E  conftest.cpp
configure:15375: $? = 0
configure:15375: result: yes
configure:15375: checking for bits/cpp_type_traits.h
configure:15375: result: yes
configure:15394: checking whether the compiler implements namespaces
configure:15417: g++ -c -g -O2  conftest.cpp >&5
configure:15417: $? = 0
configure:15431: result: yes
configure:16185: checking for g77
configure:16215: result: no
configure:16185: checking for xlf
configure:16215: result: no
configure:16185: checking for f77
configure:16215: result: no
configure:16185: checking for frt
configure:16215: result: no
configure:16185: checking for pgf77
configure:16215: result: no
configure:16185: checking for cf77
configure:16215: result: no
configure:16185: checking for fort77
configure:16215: result: no
configure:16185: checking for fl32
configure:16215: result: no
configure:16185: checking for af77
configure:16215: result: no
configure:16185: checking for xlf90
configure:16215: result: no
configure:16185: checking for f90
configure:16215: result: no
configure:16185: checking for pgf90
configure:16215: result: no
configure:16185: checking for pghpf
configure:16215: result: no
configure:16185: checking for epcf90
configure:16215: result: no
configure:16185: checking for gfortran
configure:16201: found /usr/bin/gfortran
configure:16212: result: gfortran
configure:16238: checking for Fortran 77 compiler version
configure:16247: gfortran --version >&5
GNU Fortran (Ubuntu/Linaro 4.7.2-2ubuntu1) 4.7.2
Copyright (C) 2012 Free Software Foundation, Inc.

GNU Fortran comes with NO WARRANTY, to the extent permitted by law.
You may redistribute copies of GNU Fortran
under the terms of the GNU General Public License.
For more information about these matters, see the file named COPYING

configure:16258: $? = 0
configure:16247: gfortran -v >&5
Using built-in specs.
COLLECT_GCC=gfortran
COLLECT_LTO_WRAPPER=/usr/lib/gcc/x86_64-linux-gnu/4.7/lto-wrapper
Target: x86_64-linux-gnu
Configured with: ../src/configure -v --with-pkgversion='Ubuntu/Linaro 4.7.2-2ubuntu1' --with-bugurl=file:///usr/share/doc/gcc-4.7/README.Bugs --enable-languages=c,c++,go,fortran,objc,obj-c++ --prefix=/usr --program-suffix=-4.7 --enable-shared --enable-linker-build-id --with-system-zlib --libexecdir=/usr/lib --without-included-gettext --enable-threads=posix --with-gxx-include-dir=/usr/include/c++/4.7 --libdir=/usr/lib --enable-nls --with-sysroot=/ --enable-clocale=gnu --enable-libstdcxx-debug --enable-libstdcxx-time=yes --enable-gnu-unique-object --enable-plugin --enable-objc-gc --disable-werror --with-arch-32=i686 --with-tune=generic --enable-checking=release --build=x86_64-linux-gnu --host=x86_64-linux-gnu --target=x86_64-linux-gnu
Thread model: posix
gcc version 4.7.2 (Ubuntu/Linaro 4.7.2-2ubuntu1) 
configure:16258: $? = 0
configure:16247: gfortran -V >&5
gfortran: error: unrecognized command line option '-V'
gfortran: fatal error: no input files
compilation terminated.
configure:16258: $? = 4
configure:16247: gfortran -qversion >&5
gfortran: error: unrecognized command line option '-qversion'
gfortran: fatal error: no input files
compilation terminated.
configure:16258: $? = 4
configure:16267: checking whether we are using the GNU Fortran 77 compiler
configure:16280: gfortran -c  conftest.F >&5
configure:16280: $? = 0
configure:16289: result: yes
configure:16295: checking whether gfortran accepts -g
configure:16306: gfortran -c -g conftest.f >&5
configure:16306: $? = 0
configure:16314: result: yes
configure:16450: checking for Fortran 77 compiler version
configure:16459: gfortran --version >&5
GNU Fortran (Ubuntu/Linaro 4.7.2-2ubuntu1) 4.7.2
Copyright (C) 2012 Free Software Foundation, Inc.

GNU Fortran comes with NO WARRANTY, to the extent permitted by law.
You may redistribute copies of GNU Fortran
under the terms of the GNU General Public License.
For more information about these matters, see the file named COPYING

configure:16470: $? = 0
configure:16459: gfortran -v >&5
Using built-in specs.
COLLECT_GCC=gfortran
COLLECT_LTO_WRAPPER=/usr/lib/gcc/x86_64-linux-gnu/4.7/lto-wrapper
Target: x86_64-linux-gnu
Configured with: ../src/configure -v --with-pkgversion='Ubuntu/Linaro 4.7.2-2ubuntu1' --with-bugurl=file:///usr/share/doc/gcc-4.7/README.Bugs --enable-languages=c,c++,go,fortran,objc,obj-c++ --prefix=/usr --program-suffix=-4.7 --enable-shared --enable-linker-build-id --with-system-zlib --libexecdir=/usr/lib --without-included-gettext --enable-threads=posix --with-gxx-include-dir=/usr/include/c++/4.7 --libdir=/usr/lib --enable-nls --with-sysroot=/ --enable-clocale=gnu --enable-libstdcxx-debug --enable-libstdcxx-time=yes --enable-gnu-unique-object --enable-plugin --enable-objc-gc --disable-werror --with-arch-32=i686 --with-tune=generic --enable-checking=release --build=x86_64-linux-gnu --host=x86_64-linux-gnu --target=x86_64-linux-gnu
Thread model: posix
gcc version 4.7.2 (Ubuntu/Linaro 4.7.2-2ubuntu1) 
configure:16470: $? = 0
configure:16459: gfortran -V >&5
gfortran: error: unrecognized command line option '-V'
gfortran: fatal error: no input files
compilation terminated.
configure:16470: $? = 4
configure:16459: gfortran -qversion >&5
gfortran: error: unrecognized command line option '-qversion'
gfortran: fatal error: no input files
compilation terminated.
configure:16470: $? = 4
configure:16479: checking whether we are using the GNU Fortran 77 compiler
configure:16501: result: yes
configure:16507: checking whether gfortran accepts -g
configure:16526: result: yes
configure:16662: checking if libtool supports shared libraries
configure:16664: result: yes
configure:16667: checking whether to build shared libraries
configure:16687: result: yes
configure:16690: checking whether to build static libraries
configure:16694: result: no
configure:16708: checking for gfortran option to produce PIC
configure:16980: result: -fPIC
configure:16989: checking if gfortran PIC flag -fPIC works
configure:17007: gfortran -c -g -O2 -fPIC conftest.f >&5
configure:17011: $? = 0
configure:17024: result: yes
configure:17045: checking if gfortran static flag -static works
configure:17073: result: yes
configure:17085: checking if gfortran supports -c -o file.o
configure:17106: gfortran -c -g -O2 -o out/conftest2.o conftest.f >&5
configure:17110: $? = 0
configure:17132: result: yes
configure:17137: checking if gfortran supports -c -o file.o
configure:17184: result: yes
configure:17214: checking whether the gfortran linker (/usr/bin/ld -m elf_x86_64) supports shared libraries
configure:18192: result: yes
configure:18329: checking dynamic linker characteristics
configure:18704: gfortran -o conftest -g -O2  -Wl,-rpath -Wl,/foo conftest.f  >&5
configure:18704: $? = 0
configure:18934: result: GNU/Linux ld.so
configure:18985: checking how to hardcode library paths into programs
configure:19010: result: immediate
configure:19095: checking for gfortran
configure:19111: found /usr/bin/gfortran
configure:19122: result: gfortran
configure:19148: checking for Fortran compiler version
configure:19157: gfortran --version >&5
GNU Fortran (Ubuntu/Linaro 4.7.2-2ubuntu1) 4.7.2
Copyright (C) 2012 Free Software Foundation, Inc.

GNU Fortran comes with NO WARRANTY, to the extent permitted by law.
You may redistribute copies of GNU Fortran
under the terms of the GNU General Public License.
For more information about these matters, see the file named COPYING

configure:19168: $? = 0
configure:19157: gfortran -v >&5
Using built-in specs.
COLLECT_GCC=gfortran
COLLECT_LTO_WRAPPER=/usr/lib/gcc/x86_64-linux-gnu/4.7/lto-wrapper
Target: x86_64-linux-gnu
Configured with: ../src/configure -v --with-pkgversion='Ubuntu/Linaro 4.7.2-2ubuntu1' --with-bugurl=file:///usr/share/doc/gcc-4.7/README.Bugs --enable-languages=c,c++,go,fortran,objc,obj-c++ --prefix=/usr --program-suffix=-4.7 --enable-shared --enable-linker-build-id --with-system-zlib --libexecdir=/usr/lib --without-included-gettext --enable-threads=posix --with-gxx-include-dir=/usr/include/c++/4.7 --libdir=/usr/lib --enable-nls --with-sysroot=/ --enable-clocale=gnu --enable-libstdcxx-debug --enable-libstdcxx-time=yes --enable-gnu-unique-object --enable-plugin --enable-objc-gc --disable-werror --with-arch-32=i686 --with-tune=generic --enable-checking=release --build=x86_64-linux-gnu --host=x86_64-linux-gnu --target=x86_64-linux-gnu
Thread model: posix
gcc version 4.7.2 (Ubuntu/Linaro 4.7.2-2ubuntu1) 
configure:19168: $? = 0
configure:19157: gfortran -V >&5
gfortran: error: unrecognized command line option '-V'
gfortran: fatal error: no input files
compilation terminated.
configure:19168: $? = 4
configure:19157: gfortran -qversion >&5
gfortran: error: unrecognized command line option '-qversion'
gfortran: fatal error: no input files
compilation terminated.
configure:19168: $? = 4
configure:19177: checking whether we are using the GNU Fortran compiler
configure:19190: gfortran -c   conftest.F >&5
configure:19190: $? = 0
configure:19199: result: yes
configure:19205: checking whether gfortran accepts -g
configure:19216: gfortran -c -g  conftest.f >&5
configure:19216: $? = 0
configure:19224: result: yes
configure:19355: checking for Fortran compiler version
configure:19364: gfortran --version >&5
GNU Fortran (Ubuntu/Linaro 4.7.2-2ubuntu1) 4.7.2
Copyright (C) 2012 Free Software Foundation, Inc.

GNU Fortran comes with NO WARRANTY, to the extent permitted by law.
You may redistribute copies of GNU Fortran
under the terms of the GNU General Public License.
For more information about these matters, see the file named COPYING

configure:19375: $? = 0
configure:19364: gfortran -v >&5
Using built-in specs.
COLLECT_GCC=gfortran
COLLECT_LTO_WRAPPER=/usr/lib/gcc/x86_64-linux-gnu/4.7/lto-wrapper
Target: x86_64-linux-gnu
Configured with: ../src/configure -v --with-pkgversion='Ubuntu/Linaro 4.7.2-2ubuntu1' --with-bugurl=file:///usr/share/doc/gcc-4.7/README.Bugs --enable-languages=c,c++,go,fortran,objc,obj-c++ --prefix=/usr --program-suffix=-4.7 --enable-shared --enable-linker-build-id --with-system-zlib --libexecdir=/usr/lib --without-included-gettext --enable-threads=posix --with-gxx-include-dir=/usr/include/c++/4.7 --libdir=/usr/lib --enable-nls --with-sysroot=/ --enable-clocale=gnu --enable-libstdcxx-debug --enable-libstdcxx-time=yes --enable-gnu-unique-object --enable-plugin --enable-objc-gc --disable-werror --with-arch-32=i686 --with-tune=generic --enable-checking=release --build=x86_64-linux-gnu --host=x86_64-linux-gnu --target=x86_64-linux-gnu
Thread model: posix
gcc version 4.7.2 (Ubuntu/Linaro 4.7.2-2ubuntu1) 
configure:19375: $? = 0
configure:19364: gfortran -V >&5
gfortran: error: unrecognized command line option '-V'
gfortran: fatal error: no input files
compilation terminated.
configure:19375: $? = 4
configure:19364: gfortran -qversion >&5
gfortran: error: unrecognized command line option '-qversion'
gfortran: fatal error: no input files
compilation terminated.
configure:19375: $? = 4
configure:19384: checking whether we are using the GNU Fortran compiler
configure:19406: result: yes
configure:19412: checking whether gfortran accepts -g
configure:19431: result: yes
configure:19564: checking if libtool supports shared libraries
configure:19566: result: yes
configure:19569: checking whether to build shared libraries
configure:19589: result: yes
configure:19592: checking whether to build static libraries
configure:19596: result: no
configure:19622: gfortran -c -g -O2  conftest.f >&5
configure:19625: $? = 0
configure:19735: checking for gfortran option to produce PIC
configure:20007: result: -fPIC
configure:20016: checking if gfortran PIC flag -fPIC works
configure:20034: gfortran -c -g -O2 -fPIC  conftest.f >&5
configure:20038: $? = 0
configure:20051: result: yes
configure:20072: checking if gfortran static flag -static works
configure:20100: result: yes
configure:20112: checking if gfortran supports -c -o file.o
configure:20133: gfortran -c -g -O2 -o out/conftest2.o  conftest.f >&5
configure:20137: $? = 0
configure:20159: result: yes
configure:20164: checking if gfortran supports -c -o file.o
configure:20211: result: yes
configure:20241: checking whether the gfortran linker (/usr/bin/ld -m elf_x86_64) supports shared libraries
configure:21219: result: yes
configure:21356: checking dynamic linker characteristics
configure:21731: gfortran -o conftest -g -O2  -Wl,-rpath -Wl,/foo  conftest.f  >&5
configure:21731: $? = 0
configure:21961: result: GNU/Linux ld.so
configure:22012: checking how to hardcode library paths into programs
configure:22037: result: immediate
configure:22073: checking how to get verbose linking output from gfortran
configure:22083: gfortran -c -g -O2  conftest.f >&5
configure:22083: $? = 0
configure:22101: gfortran -o conftest -g -O2 -v conftest.f
Using built-in specs.
Target: x86_64-linux-gnu
Configured with: ../src/configure -v --with-pkgversion='Ubuntu/Linaro 4.7.2-2ubuntu1' --with-bugurl=file:///usr/share/doc/gcc-4.7/README.Bugs --enable-languages=c,c++,go,fortran,objc,obj-c++ --prefix=/usr --program-suffix=-4.7 --enable-shared --enable-linker-build-id --with-system-zlib --libexecdir=/usr/lib --without-included-gettext --enable-threads=posix --with-gxx-include-dir=/usr/include/c++/4.7 --libdir=/usr/lib --enable-nls --with-sysroot=/ --enable-clocale=gnu --enable-libstdcxx-debug --enable-libstdcxx-time=yes --enable-gnu-unique-object --enable-plugin --enable-objc-gc --disable-werror --with-arch-32=i686 --with-tune=generic --enable-checking=release --build=x86_64-linux-gnu --host=x86_64-linux-gnu --target=x86_64-linux-gnu
Thread model: posix
gcc version 4.7.2 (Ubuntu/Linaro 4.7.2-2ubuntu1) 
 /usr/lib/gcc/x86_64-linux-gnu/4.7/f951 conftest.f -ffixed-form -quiet -dumpbase conftest.f -mtune=generic -march=x86-64 -auxbase conftest -g -O2 -version -fintrinsic-modules-path /usr/lib/gcc/x86_64-linux-gnu/4.7/finclude -o /tmp/ccSp5p9w.s
GNU Fortran (Ubuntu/Linaro 4.7.2-2ubuntu1) version 4.7.2 (x86_64-linux-gnu)
	compiled by GNU C version 4.7.2, GMP version 5.0.2, MPFR version 3.1.0-p3, MPC version 0.9
GGC heuristics: --param ggc-min-expand=100 --param ggc-min-heapsize=131072
GNU Fortran (Ubuntu/Linaro 4.7.2-2ubuntu1) version 4.7.2 (x86_64-linux-gnu)
	compiled by GNU C version 4.7.2, GMP version 5.0.2, MPFR version 3.1.0-p3, MPC version 0.9
GGC heuristics: --param ggc-min-expand=100 --param ggc-min-heapsize=131072
 as -v --64 -o /tmp/ccJs3yez.o /tmp/ccSp5p9w.s
GNU assembler version 2.22.90 (x86_64-linux-gnu) using BFD version (GNU Binutils for Ubuntu) 2.22.90.20120924
Reading specs from /usr/lib/gcc/x86_64-linux-gnu/4.7/libgfortran.spec
rename spec lib to liborig
 /usr/lib/gcc/x86_64-linux-gnu/4.7/collect2 --sysroot=/ --build-id --no-add-needed --as-needed --eh-frame-hdr -m elf_x86_64 --hash-style=gnu -dynamic-linker /lib64/ld-linux-x86-64.so.2 -z relro -o conftest /usr/lib/gcc/x86_64-linux-gnu/4.7/../../../x86_64-linux-gnu/crt1.o /usr/lib/gcc/x86_64-linux-gnu/4.7/../../../x86_64-linux-gnu/crti.o /usr/lib/gcc/x86_64-linux-gnu/4.7/crtbegin.o -L/usr/lib/gcc/x86_64-linux-gnu/4.7 -L/usr/lib/gcc/x86_64-linux-gnu/4.7/../../../x86_64-linux-gnu -L/usr/lib/gcc/x86_64-linux-gnu/4.7/../../../../lib -L/lib/x86_64-linux-gnu -L/lib/../lib -L/usr/lib/x86_64-linux-gnu -L/usr/lib/../lib -L/usr/lib/gcc/x86_64-linux-gnu/4.7/../../.. /tmp/ccJs3yez.o -lgfortran -lm -lgcc_s -lgcc -lquadmath -lm -lgcc_s -lgcc -lc -lgcc_s -lgcc /usr/lib/gcc/x86_64-linux-gnu/4.7/crtend.o /usr/lib/gcc/x86_64-linux-gnu/4.7/../../../x86_64-linux-gnu/crtn.o
configure:22166: result: -v
configure:22168: checking for Fortran libraries of gfortran
configure:22191: gfortran -o conftest -g -O2 -v conftest.f
Using built-in specs.
Target: x86_64-linux-gnu
Configured with: ../src/configure -v --with-pkgversion='Ubuntu/Linaro 4.7.2-2ubuntu1' --with-bugurl=file:///usr/share/doc/gcc-4.7/README.Bugs --enable-languages=c,c++,go,fortran,objc,obj-c++ --prefix=/usr --program-suffix=-4.7 --enable-shared --enable-linker-build-id --with-system-zlib --libexecdir=/usr/lib --without-included-gettext --enable-threads=posix --with-gxx-include-dir=/usr/include/c++/4.7 --libdir=/usr/lib --enable-nls --with-sysroot=/ --enable-clocale=gnu --enable-libstdcxx-debug --enable-libstdcxx-time=yes --enable-gnu-unique-object --enable-plugin --enable-objc-gc --disable-werror --with-arch-32=i686 --with-tune=generic --enable-checking=release --build=x86_64-linux-gnu --host=x86_64-linux-gnu --target=x86_64-linux-gnu
Thread model: posix
gcc version 4.7.2 (Ubuntu/Linaro 4.7.2-2ubuntu1) 
 /usr/lib/gcc/x86_64-linux-gnu/4.7/f951 conftest.f -ffixed-form -quiet -dumpbase conftest.f -mtune=generic -march=x86-64 -auxbase conftest -g -O2 -version -fintrinsic-modules-path /usr/lib/gcc/x86_64-linux-gnu/4.7/finclude -o /tmp/ccNTGNhz.s
GNU Fortran (Ubuntu/Linaro 4.7.2-2ubuntu1) version 4.7.2 (x86_64-linux-gnu)
	compiled by GNU C version 4.7.2, GMP version 5.0.2, MPFR version 3.1.0-p3, MPC version 0.9
GGC heuristics: --param ggc-min-expand=100 --param ggc-min-heapsize=131072
GNU Fortran (Ubuntu/Linaro 4.7.2-2ubuntu1) version 4.7.2 (x86_64-linux-gnu)
	compiled by GNU C version 4.7.2, GMP version 5.0.2, MPFR version 3.1.0-p3, MPC version 0.9
GGC heuristics: --param ggc-min-expand=100 --param ggc-min-heapsize=131072
 as -v --64 -o /tmp/cc8Mb5uB.o /tmp/ccNTGNhz.s
GNU assembler version 2.22.90 (x86_64-linux-gnu) using BFD version (GNU Binutils for Ubuntu) 2.22.90.20120924
Reading specs from /usr/lib/gcc/x86_64-linux-gnu/4.7/libgfortran.spec
rename spec lib to liborig
 /usr/lib/gcc/x86_64-linux-gnu/4.7/collect2 --sysroot=/ --build-id --no-add-needed --as-needed --eh-frame-hdr -m elf_x86_64 --hash-style=gnu -dynamic-linker /lib64/ld-linux-x86-64.so.2 -z relro -o conftest /usr/lib/gcc/x86_64-linux-gnu/4.7/../../../x86_64-linux-gnu/crt1.o /usr/lib/gcc/x86_64-linux-gnu/4.7/../../../x86_64-linux-gnu/crti.o /usr/lib/gcc/x86_64-linux-gnu/4.7/crtbegin.o -L/usr/lib/gcc/x86_64-linux-gnu/4.7 -L/usr/lib/gcc/x86_64-linux-gnu/4.7/../../../x86_64-linux-gnu -L/usr/lib/gcc/x86_64-linux-gnu/4.7/../../../../lib -L/lib/x86_64-linux-gnu -L/lib/../lib -L/usr/lib/x86_64-linux-gnu -L/usr/lib/../lib -L/usr/lib/gcc/x86_64-linux-gnu/4.7/../../.. /tmp/cc8Mb5uB.o -lgfortran -lm -lgcc_s -lgcc -lquadmath -lm -lgcc_s -lgcc -lc -lgcc_s -lgcc /usr/lib/gcc/x86_64-linux-gnu/4.7/crtend.o /usr/lib/gcc/x86_64-linux-gnu/4.7/../../../x86_64-linux-gnu/crtn.o
configure:22365: result:  -L/usr/lib/gcc/x86_64-linux-gnu/4.7 -L/usr/lib/gcc/x86_64-linux-gnu/4.7/../../../x86_64-linux-gnu -L/usr/lib/gcc/x86_64-linux-gnu/4.7/../../../../lib -L/lib/x86_64-linux-gnu -L/lib/../lib -L/usr/lib/x86_64-linux-gnu -L/usr/lib/../lib -L/usr/lib/gcc/x86_64-linux-gnu/4.7/../../.. -lgfortran -lm -lquadmath
configure:22381: checking for dummy main to link with Fortran libraries
configure:22415: gcc -o conftest -g -O2   conftest.c   -L/usr/lib/gcc/x86_64-linux-gnu/4.7 -L/usr/lib/gcc/x86_64-linux-gnu/4.7/../../../x86_64-linux-gnu -L/usr/lib/gcc/x86_64-linux-gnu/4.7/../../../../lib -L/lib/x86_64-linux-gnu -L/lib/../lib -L/usr/lib/x86_64-linux-gnu -L/usr/lib/../lib -L/usr/lib/gcc/x86_64-linux-gnu/4.7/../../.. -lgfortran -lm -lquadmath >&5
configure:22415: $? = 0
configure:22460: result: none
configure:22494: checking how to get verbose linking output from gfortran
configure:22504: gfortran -c -g -O2 conftest.f >&5
configure:22504: $? = 0
configure:22522: gfortran -o conftest -g -O2 -v conftest.f
Using built-in specs.
Target: x86_64-linux-gnu
Configured with: ../src/configure -v --with-pkgversion='Ubuntu/Linaro 4.7.2-2ubuntu1' --with-bugurl=file:///usr/share/doc/gcc-4.7/README.Bugs --enable-languages=c,c++,go,fortran,objc,obj-c++ --prefix=/usr --program-suffix=-4.7 --enable-shared --enable-linker-build-id --with-system-zlib --libexecdir=/usr/lib --without-included-gettext --enable-threads=posix --with-gxx-include-dir=/usr/include/c++/4.7 --libdir=/usr/lib --enable-nls --with-sysroot=/ --enable-clocale=gnu --enable-libstdcxx-debug --enable-libstdcxx-time=yes --enable-gnu-unique-object --enable-plugin --enable-objc-gc --disable-werror --with-arch-32=i686 --with-tune=generic --enable-checking=release --build=x86_64-linux-gnu --host=x86_64-linux-gnu --target=x86_64-linux-gnu
Thread model: posix
gcc version 4.7.2 (Ubuntu/Linaro 4.7.2-2ubuntu1) 
 /usr/lib/gcc/x86_64-linux-gnu/4.7/f951 conftest.f -ffixed-form -quiet -dumpbase conftest.f -mtune=generic -march=x86-64 -auxbase conftest -g -O2 -version -fintrinsic-modules-path /usr/lib/gcc/x86_64-linux-gnu/4.7/finclude -o /tmp/ccj5qNdD.s
GNU Fortran (Ubuntu/Linaro 4.7.2-2ubuntu1) version 4.7.2 (x86_64-linux-gnu)
	compiled by GNU C version 4.7.2, GMP version 5.0.2, MPFR version 3.1.0-p3, MPC version 0.9
GGC heuristics: --param ggc-min-expand=100 --param ggc-min-heapsize=131072
GNU Fortran (Ubuntu/Linaro 4.7.2-2ubuntu1) version 4.7.2 (x86_64-linux-gnu)
	compiled by GNU C version 4.7.2, GMP version 5.0.2, MPFR version 3.1.0-p3, MPC version 0.9
GGC heuristics: --param ggc-min-expand=100 --param ggc-min-heapsize=131072
 as -v --64 -o /tmp/ccSSzqKF.o /tmp/ccj5qNdD.s
GNU assembler version 2.22.90 (x86_64-linux-gnu) using BFD version (GNU Binutils for Ubuntu) 2.22.90.20120924
Reading specs from /usr/lib/gcc/x86_64-linux-gnu/4.7/libgfortran.spec
rename spec lib to liborig
 /usr/lib/gcc/x86_64-linux-gnu/4.7/collect2 --sysroot=/ --build-id --no-add-needed --as-needed --eh-frame-hdr -m elf_x86_64 --hash-style=gnu -dynamic-linker /lib64/ld-linux-x86-64.so.2 -z relro -o conftest /usr/lib/gcc/x86_64-linux-gnu/4.7/../../../x86_64-linux-gnu/crt1.o /usr/lib/gcc/x86_64-linux-gnu/4.7/../../../x86_64-linux-gnu/crti.o /usr/lib/gcc/x86_64-linux-gnu/4.7/crtbegin.o -L/usr/lib/gcc/x86_64-linux-gnu/4.7 -L/usr/lib/gcc/x86_64-linux-gnu/4.7/../../../x86_64-linux-gnu -L/usr/lib/gcc/x86_64-linux-gnu/4.7/../../../../lib -L/lib/x86_64-linux-gnu -L/lib/../lib -L/usr/lib/x86_64-linux-gnu -L/usr/lib/../lib -L/usr/lib/gcc/x86_64-linux-gnu/4.7/../../.. /tmp/ccSSzqKF.o -lgfortran -lm -lgcc_s -lgcc -lquadmath -lm -lgcc_s -lgcc -lc -lgcc_s -lgcc /usr/lib/gcc/x86_64-linux-gnu/4.7/crtend.o /usr/lib/gcc/x86_64-linux-gnu/4.7/../../../x86_64-linux-gnu/crtn.o
configure:22587: result: -v
configure:22589: checking for Fortran 77 libraries of gfortran
configure:22612: gfortran -o conftest -g -O2 -v conftest.f
Using built-in specs.
Target: x86_64-linux-gnu
Configured with: ../src/configure -v --with-pkgversion='Ubuntu/Linaro 4.7.2-2ubuntu1' --with-bugurl=file:///usr/share/doc/gcc-4.7/README.Bugs --enable-languages=c,c++,go,fortran,objc,obj-c++ --prefix=/usr --program-suffix=-4.7 --enable-shared --enable-linker-build-id --with-system-zlib --libexecdir=/usr/lib --without-included-gettext --enable-threads=posix --with-gxx-include-dir=/usr/include/c++/4.7 --libdir=/usr/lib --enable-nls --with-sysroot=/ --enable-clocale=gnu --enable-libstdcxx-debug --enable-libstdcxx-time=yes --enable-gnu-unique-object --enable-plugin --enable-objc-gc --disable-werror --with-arch-32=i686 --with-tune=generic --enable-checking=release --build=x86_64-linux-gnu --host=x86_64-linux-gnu --target=x86_64-linux-gnu
Thread model: posix
gcc version 4.7.2 (Ubuntu/Linaro 4.7.2-2ubuntu1) 
 /usr/lib/gcc/x86_64-linux-gnu/4.7/f951 conftest.f -ffixed-form -quiet -dumpbase conftest.f -mtune=generic -march=x86-64 -auxbase conftest -g -O2 -version -fintrinsic-modules-path /usr/lib/gcc/x86_64-linux-gnu/4.7/finclude -o /tmp/ccBiF8ZI.s
GNU Fortran (Ubuntu/Linaro 4.7.2-2ubuntu1) version 4.7.2 (x86_64-linux-gnu)
	compiled by GNU C version 4.7.2, GMP version 5.0.2, MPFR version 3.1.0-p3, MPC version 0.9
GGC heuristics: --param ggc-min-expand=100 --param ggc-min-heapsize=131072
GNU Fortran (Ubuntu/Linaro 4.7.2-2ubuntu1) version 4.7.2 (x86_64-linux-gnu)
	compiled by GNU C version 4.7.2, GMP version 5.0.2, MPFR version 3.1.0-p3, MPC version 0.9
GGC heuristics: --param ggc-min-expand=100 --param ggc-min-heapsize=131072
 as -v --64 -o /tmp/ccuCyxFL.o /tmp/ccBiF8ZI.s
GNU assembler version 2.22.90 (x86_64-linux-gnu) using BFD version (GNU Binutils for Ubuntu) 2.22.90.20120924
Reading specs from /usr/lib/gcc/x86_64-linux-gnu/4.7/libgfortran.spec
rename spec lib to liborig
 /usr/lib/gcc/x86_64-linux-gnu/4.7/collect2 --sysroot=/ --build-id --no-add-needed --as-needed --eh-frame-hdr -m elf_x86_64 --hash-style=gnu -dynamic-linker /lib64/ld-linux-x86-64.so.2 -z relro -o conftest /usr/lib/gcc/x86_64-linux-gnu/4.7/../../../x86_64-linux-gnu/crt1.o /usr/lib/gcc/x86_64-linux-gnu/4.7/../../../x86_64-linux-gnu/crti.o /usr/lib/gcc/x86_64-linux-gnu/4.7/crtbegin.o -L/usr/lib/gcc/x86_64-linux-gnu/4.7 -L/usr/lib/gcc/x86_64-linux-gnu/4.7/../../../x86_64-linux-gnu -L/usr/lib/gcc/x86_64-linux-gnu/4.7/../../../../lib -L/lib/x86_64-linux-gnu -L/lib/../lib -L/usr/lib/x86_64-linux-gnu -L/usr/lib/../lib -L/usr/lib/gcc/x86_64-linux-gnu/4.7/../../.. /tmp/ccuCyxFL.o -lgfortran -lm -lgcc_s -lgcc -lquadmath -lm -lgcc_s -lgcc -lc -lgcc_s -lgcc /usr/lib/gcc/x86_64-linux-gnu/4.7/crtend.o /usr/lib/gcc/x86_64-linux-gnu/4.7/../../../x86_64-linux-gnu/crtn.o
configure:22786: result:  -L/usr/lib/gcc/x86_64-linux-gnu/4.7 -L/usr/lib/gcc/x86_64-linux-gnu/4.7/../../../x86_64-linux-gnu -L/usr/lib/gcc/x86_64-linux-gnu/4.7/../../../../lib -L/lib/x86_64-linux-gnu -L/lib/../lib -L/usr/lib/x86_64-linux-gnu -L/usr/lib/../lib -L/usr/lib/gcc/x86_64-linux-gnu/4.7/../../.. -lgfortran -lm -lquadmath
configure:22802: checking for dummy main to link with Fortran 77 libraries
configure:22844: gcc -o conftest -g -O2   conftest.c   -L/usr/lib/gcc/x86_64-linux-gnu/4.7 -L/usr/lib/gcc/x86_64-linux-gnu/4.7/../../../x86_64-linux-gnu -L/usr/lib/gcc/x86_64-linux-gnu/4.7/../../../../lib -L/lib/x86_64-linux-gnu -L/lib/../lib -L/usr/lib/x86_64-linux-gnu -L/usr/lib/../lib -L/usr/lib/gcc/x86_64-linux-gnu/4.7/../../.. -lgfortran -lm -lquadmath >&5
configure:22844: $? = 0
configure:22897: result: none
configure:22930: checking for Fortran 77 name-mangling scheme
configure:22943: gfortran -c -g -O2 conftest.f >&5
configure:22943: $? = 0
configure:22992: gcc -o conftest -g -O2   conftest.c cfortran_test.o   -L/usr/lib/gcc/x86_64-linux-gnu/4.7 -L/usr/lib/gcc/x86_64-linux-gnu/4.7/../../../x86_64-linux-gnu -L/usr/lib/gcc/x86_64-linux-gnu/4.7/../../../../lib -L/lib/x86_64-linux-gnu -L/lib/../lib -L/usr/lib/x86_64-linux-gnu -L/usr/lib/../lib -L/usr/lib/gcc/x86_64-linux-gnu/4.7/../../.. -lgfortran -lm -lquadmath >&5
/tmp/ccwZyiuP.o: In function `main':
/home/dwelter/src/pestpp/pest++/lapackpp-2.5.4_linux/conftest.c:59: undefined reference to `foobar'
collect2: error: ld returned 1 exit status
configure:22992: $? = 1
configure: failed program was:
| /* confdefs.h */
| #define PACKAGE_NAME ""
| #define PACKAGE_TARNAME ""
| #define PACKAGE_VERSION ""
| #define PACKAGE_STRING ""
| #define PACKAGE_BUGREPORT ""
| #define PACKAGE_URL ""
| #define PACKAGE "lapackpp"
| #define VERSION "2.5.4"
| #define LAPACKPP_VERSION_MAJOR 2
| #define LAPACKPP_VERSION_MINOR 5
| #define LAPACKPP_VERSION_PATCHLEVEL 4
| #define LAPACKPP_VERSION_STRING "2.5.4"
| #define STDC_HEADERS 1
| #define HAVE_SYS_TYPES_H 1
| #define HAVE_SYS_STAT_H 1
| #define HAVE_STDLIB_H 1
| #define HAVE_STRING_H 1
| #define HAVE_MEMORY_H 1
| #define HAVE_STRINGS_H 1
| #define HAVE_INTTYPES_H 1
| #define HAVE_STDINT_H 1
| #define HAVE_UNISTD_H 1
| #define HAVE_DLFCN_H 1
| #define LT_OBJDIR ".libs/"
| #define STDC_HEADERS 1
| #define HAVE_STDLIB_H 1
| #define HAVE_UNISTD_H 1
| #define HAVE_BITS_CPP_TYPE_TRAITS_H 1
| #define HAVE_NAMESPACES /**/
| /* end confdefs.h.  */
| 
| /* Override any GCC internal prototype to avoid an error.
|    Use char because int might match the return type of a GCC
|    builtin and then its argument prototype would still apply.  */
| #ifdef __cplusplus
| extern "C"
| #endif
| char foobar ();
| #ifdef F77_DUMMY_MAIN
| 
| #  ifdef __cplusplus
|      extern "C"
| #  endif
|    int F77_DUMMY_MAIN() { return 1; }
| 
| #endif
| #ifdef FC_DUMMY_MAIN
| #ifndef FC_DUMMY_MAIN_EQ_F77
| #  ifdef __cplusplus
|      extern "C"
| #  endif
|    int FC_DUMMY_MAIN() { return 1; }
| #endif
| #endif
| int
| main ()
| {
| return foobar ();
|   ;
|   return 0;
| }
configure:22992: gcc -o conftest -g -O2   conftest.c cfortran_test.o   -L/usr/lib/gcc/x86_64-linux-gnu/4.7 -L/usr/lib/gcc/x86_64-linux-gnu/4.7/../../../x86_64-linux-gnu -L/usr/lib/gcc/x86_64-linux-gnu/4.7/../../../../lib -L/lib/x86_64-linux-gnu -L/lib/../lib -L/usr/lib/x86_64-linux-gnu -L/usr/lib/../lib -L/usr/lib/gcc/x86_64-linux-gnu/4.7/../../.. -lgfortran -lm -lquadmath >&5
configure:22992: $? = 0
configure:23058: gcc -o conftest -g -O2   conftest.c cfortran_test.o   -L/usr/lib/gcc/x86_64-linux-gnu/4.7 -L/usr/lib/gcc/x86_64-linux-gnu/4.7/../../../x86_64-linux-gnu -L/usr/lib/gcc/x86_64-linux-gnu/4.7/../../../../lib -L/lib/x86_64-linux-gnu -L/lib/../lib -L/usr/lib/x86_64-linux-gnu -L/usr/lib/../lib -L/usr/lib/gcc/x86_64-linux-gnu/4.7/../../.. -lgfortran -lm -lquadmath >&5
configure:23058: $? = 0
configure:23100: result: lower case, underscore, no extra underscore
configure:23173: checking for sgemm_ in /usr/lib/libblas.so.3
configure:23209: gcc -o conftest -g -O2   conftest.c /usr/lib/libblas.so.3   -L/usr/lib/gcc/x86_64-linux-gnu/4.7 -L/usr/lib/gcc/x86_64-linux-gnu/4.7/../../../x86_64-linux-gnu -L/usr/lib/gcc/x86_64-linux-gnu/4.7/../../../../lib -L/lib/x86_64-linux-gnu -L/lib/../lib -L/usr/lib/x86_64-linux-gnu -L/usr/lib/../lib -L/usr/lib/gcc/x86_64-linux-gnu/4.7/../../.. -lgfortran -lm -lquadmath >&5
configure:23209: $? = 0
configure:23216: result: yes
configure:23238: checking if ATLAS should be used
configure:23247: result: yes
configure:23268: checking for ATLAS library
configure:23312: checking for f77blas library
configure:23347: WARNING: not found
configure:23352: checking for cblas library
configure:23387: WARNING: not found
configure:23393: checking whether ATLAS is usable
configure:23397: WARNING: no
configure:24276: checking for cheev_ in /usr/lib/liblapack.so.3
configure:24312: gcc -o conftest -g -O2   conftest.c /usr/lib/liblapack.so.3 /usr/lib/libblas.so.3   -L/usr/lib/gcc/x86_64-linux-gnu/4.7 -L/usr/lib/gcc/x86_64-linux-gnu/4.7/../../../x86_64-linux-gnu -L/usr/lib/gcc/x86_64-linux-gnu/4.7/../../../../lib -L/lib/x86_64-linux-gnu -L/lib/../lib -L/usr/lib/x86_64-linux-gnu -L/usr/lib/../lib -L/usr/lib/gcc/x86_64-linux-gnu/4.7/../../.. -lgfortran -lm -lquadmath >&5
configure:24312: $? = 0
configure:24319: result: yes
configure:24505: checking whether zdotc() returns result on stack
configure:24554: gcc -o conftest -g -O2   conftest.c  /usr/lib/libblas.so.3 -L/usr/lib/gcc/x86_64-linux-gnu/4.7 -L/usr/lib/gcc/x86_64-linux-gnu/4.7/../../../x86_64-linux-gnu -L/usr/lib/gcc/x86_64-linux-gnu/4.7/../../../../lib -L/lib/x86_64-linux-gnu -L/lib/../lib -L/usr/lib/x86_64-linux-gnu -L/usr/lib/../lib -L/usr/lib/gcc/x86_64-linux-gnu/4.7/../../.. -lgfortran -lm -lquadmath >&5
configure:24554: $? = 0
configure:24554: ./conftest
configure:24554: $? = 0
configure:24563: result: yes
configure:24663: checking for system type
configure:24693: result: Linux
configure:24732: checking for compiler arguments
configure:24814: result: -g -O2 -Wall
configure:24970: creating ./config.status

## ---------------------- ##
## Running config.status. ##
## ---------------------- ##

This file was extended by config.status, which was
generated by GNU Autoconf 2.65.  Invocation command line was

  CONFIG_FILES    = 
  CONFIG_HEADERS  = 
  CONFIG_LINKS    = 
  CONFIG_COMMANDS = 
  $ ./config.status 

on anole-linux

config.status:1307: creating Makefile
config.status:1307: creating lapackpp.iss
config.status:1307: creating mainpage.doxygen
config.status:1307: creating lapackpp.spec
config.status:1307: creating lapackpp.pc
config.status:1307: creating src/ressource.rc
config.status:1307: creating blaspp/Makefile
config.status:1307: creating blaspp/src/Makefile
config.status:1307: creating blaspp/testing/Makefile
config.status:1307: creating contrib/Makefile
config.status:1307: creating include/Makefile
config.status:1307: creating include/laversion.h
config.status:1307: creating macros/Makefile
config.status:1307: creating matrix/Makefile
config.status:1307: creating matrix/src/Makefile
config.status:1307: creating matrix/testing/Makefile
config.status:1307: creating src/Makefile
config.status:1307: creating testing/Makefile
config.status:1307: creating config.h
config.status:1527: executing depfiles commands
config.status:1527: executing libtool commands

## ---------------- ##
## Cache variables. ##
## ---------------- ##

ac_cv_build=x86_64-unknown-linux-gnu
ac_cv_c_compiler_gnu=yes
ac_cv_c_const=yes
ac_cv_cxx_compiler_gnu=yes
ac_cv_cxx_namespaces=yes
ac_cv_env_CCC_set=
ac_cv_env_CCC_value=
ac_cv_env_CC_set=
ac_cv_env_CC_value=
ac_cv_env_CFLAGS_set=
ac_cv_env_CFLAGS_value=
ac_cv_env_CPPFLAGS_set=
ac_cv_env_CPPFLAGS_value=
ac_cv_env_CPP_set=
ac_cv_env_CPP_value=
ac_cv_env_CXXCPP_set=
ac_cv_env_CXXCPP_value=
ac_cv_env_CXXFLAGS_set=
ac_cv_env_CXXFLAGS_value=
ac_cv_env_CXX_set=
ac_cv_env_CXX_value=
ac_cv_env_F77_set=
ac_cv_env_F77_value=
ac_cv_env_FCFLAGS_set=
ac_cv_env_FCFLAGS_value=
ac_cv_env_FC_set=
ac_cv_env_FC_value=
ac_cv_env_FFLAGS_set=
ac_cv_env_FFLAGS_value=
ac_cv_env_LDFLAGS_set=
ac_cv_env_LDFLAGS_value=
ac_cv_env_LIBS_set=
ac_cv_env_LIBS_value=
ac_cv_env_build_alias_set=
ac_cv_env_build_alias_value=
ac_cv_env_host_alias_set=
ac_cv_env_host_alias_value=
ac_cv_env_target_alias_set=
ac_cv_env_target_alias_value=
ac_cv_f77_compiler_gnu=yes
ac_cv_f77_dummy_main=none
ac_cv_f77_libs=' -L/usr/lib/gcc/x86_64-linux-gnu/4.7 -L/usr/lib/gcc/x86_64-linux-gnu/4.7/../../../x86_64-linux-gnu -L/usr/lib/gcc/x86_64-linux-gnu/4.7/../../../../lib -L/lib/x86_64-linux-gnu -L/lib/../lib -L/usr/lib/x86_64-linux-gnu -L/usr/lib/../lib -L/usr/lib/gcc/x86_64-linux-gnu/4.7/../../.. -lgfortran -lm -lquadmath'
ac_cv_f77_mangling='lower case, underscore, no extra underscore'
ac_cv_fc_compiler_gnu=yes
ac_cv_fc_dummy_main=none
ac_cv_fc_libs=' -L/usr/lib/gcc/x86_64-linux-gnu/4.7 -L/usr/lib/gcc/x86_64-linux-gnu/4.7/../../../x86_64-linux-gnu -L/usr/lib/gcc/x86_64-linux-gnu/4.7/../../../../lib -L/lib/x86_64-linux-gnu -L/lib/../lib -L/usr/lib/x86_64-linux-gnu -L/usr/lib/../lib -L/usr/lib/gcc/x86_64-linux-gnu/4.7/../../.. -lgfortran -lm -lquadmath'
ac_cv_fortran_dummy_main=none
ac_cv_header_bits_cpp_type_traits_h=yes
ac_cv_header_dlfcn_h=yes
ac_cv_header_inttypes_h=yes
ac_cv_header_memory_h=yes
ac_cv_header_stdc=yes
ac_cv_header_stdint_h=yes
ac_cv_header_stdlib_h=yes
ac_cv_header_string_h=yes
ac_cv_header_strings_h=yes
ac_cv_header_sys_stat_h=yes
ac_cv_header_sys_types_h=yes
ac_cv_header_unistd_h=yes
ac_cv_host=x86_64-unknown-linux-gnu
ac_cv_objext=o
ac_cv_path_EGREP='/bin/grep -E'
ac_cv_path_FGREP='/bin/grep -F'
ac_cv_path_GREP=/bin/grep
ac_cv_path_SED=/bin/sed
ac_cv_path_install='/usr/bin/install -c'
ac_cv_path_mkdir=/bin/mkdir
ac_cv_prog_AWK=mawk
ac_cv_prog_CPP='gcc -E'
ac_cv_prog_CXXCPP='g++ -E'
ac_cv_prog_ac_ct_AR=ar
ac_cv_prog_ac_ct_CC=gcc
ac_cv_prog_ac_ct_CXX=g++
ac_cv_prog_ac_ct_F77=gfortran
ac_cv_prog_ac_ct_FC=gfortran
ac_cv_prog_ac_ct_OBJDUMP=objdump
ac_cv_prog_ac_ct_RANLIB=ranlib
ac_cv_prog_ac_ct_STRIP=strip
ac_cv_prog_cc_c89=
ac_cv_prog_cc_g=yes
ac_cv_prog_cxx_g=yes
ac_cv_prog_f77_g=yes
ac_cv_prog_f77_v=-v
ac_cv_prog_fc_g=yes
ac_cv_prog_fc_v=-v
ac_cv_prog_make_make_set=yes
ac_cv_target=x86_64-unknown-linux-gnu
am_cv_CC_dependencies_compiler_type=gcc3
am_cv_CXX_dependencies_compiler_type=gcc3
lt_cv_deplibs_check_method=pass_all
lt_cv_file_magic_cmd='$MAGIC_CMD'
lt_cv_file_magic_test_file=
lt_cv_ld_reload_flag=-r
lt_cv_nm_interface='BSD nm'
lt_cv_objdir=.libs
lt_cv_path_LD=/usr/bin/ld
lt_cv_path_LDCXX='/usr/bin/ld -m elf_x86_64'
lt_cv_path_NM='/usr/bin/nm -B'
lt_cv_prog_compiler_c_o=yes
lt_cv_prog_compiler_c_o_CXX=yes
lt_cv_prog_compiler_c_o_F77=yes
lt_cv_prog_compiler_c_o_FC=yes
lt_cv_prog_compiler_pic_works=yes
lt_cv_prog_compiler_pic_works_CXX=yes
lt_cv_prog_compiler_pic_works_F77=yes
lt_cv_prog_compiler_pic_works_FC=yes
lt_cv_prog_compiler_rtti_exceptions=no
lt_cv_prog_compiler_static_works=yes
lt_cv_prog_compiler_static_works_CXX=yes
lt_cv_prog_compiler_static_works_F77=yes
lt_cv_prog_compiler_static_works_FC=yes
lt_cv_prog_gnu_ld=yes
lt_cv_prog_gnu_ldcxx=yes
lt_cv_sys_global_symbol_pipe='sed -n -e '\''s/^.*[	 ]\([ABCDGIRSTW][ABCDGIRSTW]*\)[	 ][	 ]*\([_A-Za-z][_A-Za-z0-9]*\)$/\1 \2 \2/p'\'''
lt_cv_sys_global_symbol_to_c_name_address='sed -n -e '\''s/^: \([^ ]*\) $/  {\"\1\", (void *) 0},/p'\'' -e '\''s/^[ABCDGIRSTW]* \([^ ]*\) \([^ ]*\)$/  {"\2", (void *) \&\2},/p'\'''
lt_cv_sys_global_symbol_to_c_name_address_lib_prefix='sed -n -e '\''s/^: \([^ ]*\) $/  {\"\1\", (void *) 0},/p'\'' -e '\''s/^[ABCDGIRSTW]* \([^ ]*\) \(lib[^ ]*\)$/  {"\2", (void *) \&\2},/p'\'' -e '\''s/^[ABCDGIRSTW]* \([^ ]*\) \([^ ]*\)$/  {"lib\2", (void *) \&\2},/p'\'''
lt_cv_sys_global_symbol_to_cdecl='sed -n -e '\''s/^T .* \(.*\)$/extern int \1();/p'\'' -e '\''s/^[ABCDGIRSTW]* .* \(.*\)$/extern char \1;/p'\'''
lt_cv_sys_max_cmd_len=1572864

## ----------------- ##
## Output variables. ##
## ----------------- ##

ACLOCAL='${SHELL} /home/dwelter/src/pestpp/pest++/lapackpp-2.5.4_linux/missing --run aclocal-1.11'
AMDEPBACKSLASH='\'
AMDEP_FALSE='#'
AMDEP_TRUE=''
AMTAR='${SHELL} /home/dwelter/src/pestpp/pest++/lapackpp-2.5.4_linux/missing --run tar'
AR='ar'
AS='as'
AUTOCONF='${SHELL} /home/dwelter/src/pestpp/pest++/lapackpp-2.5.4_linux/missing --run autoconf'
AUTOHEADER='${SHELL} /home/dwelter/src/pestpp/pest++/lapackpp-2.5.4_linux/missing --run autoheader'
AUTOMAKE='${SHELL} /home/dwelter/src/pestpp/pest++/lapackpp-2.5.4_linux/missing --run automake-1.11'
AWK='mawk'
BLAS_LIBS='/usr/lib/libblas.so.3'
CC='gcc'
CCDEPMODE='depmode=gcc3'
CFLAGS='-g -O2   -Wall -Wdeclaration-after-statement'
CPP='gcc -E'
CPPFLAGS=''
CXX='g++'
CXXCPP='g++ -E'
CXXDEPMODE='depmode=gcc3'
CXXFLAGS='-g -O2 -Wall'
CYGPATH_W='echo'
DEFS='-DHAVE_CONFIG_H'
DEPDIR='.deps'
DLLTOOL='dlltool'
DSYMUTIL=''
DUMPBIN=''
ECHO_C=''
ECHO_N='-n'
ECHO_T=''
EGREP='/bin/grep -E'
EXEEXT=''
F77='gfortran'
FC='gfortran'
FCFLAGS='-g -O2'
FCLIBS=' -L/usr/lib/gcc/x86_64-linux-gnu/4.7 -L/usr/lib/gcc/x86_64-linux-gnu/4.7/../../../x86_64-linux-gnu -L/usr/lib/gcc/x86_64-linux-gnu/4.7/../../../../lib -L/lib/x86_64-linux-gnu -L/lib/../lib -L/usr/lib/x86_64-linux-gnu -L/usr/lib/../lib -L/usr/lib/gcc/x86_64-linux-gnu/4.7/../../.. -lgfortran -lm -lquadmath'
FFLAGS='-g -O2'
FGREP='/bin/grep -F'
FLIBS='-L/usr/lib/gcc/x86_64-linux-gnu/4.7 -L/usr/lib/gcc/x86_64-linux-gnu/4.7/../../../x86_64-linux-gnu -L/usr/lib/gcc/x86_64-linux-gnu/4.7/../../../../lib -L/lib/x86_64-linux-gnu -L/lib/../lib -L/usr/lib/x86_64-linux-gnu -L/usr/lib/../lib -L/usr/lib/gcc/x86_64-linux-gnu/4.7/../../.. -lgfortran -lm -lquadmath'
GREP='/bin/grep'
HAVE_BITS_CPP_TYPE_TRAITS_H='1'
HAVE_ZDOTC_WITH_RV='1'
INSTALL_DATA='${INSTALL} -m 644'
INSTALL_PROGRAM='${INSTALL}'
INSTALL_SCRIPT='${INSTALL}'
INSTALL_STRIP_PROGRAM='$(install_sh) -c -s'
ISCC_WITHOUT_DLL=''
ISCC_WITH_DLL=';'
IS_WINDOWS_FALSE=''
IS_WINDOWS_TRUE='#'
LAPACKPP_INCLUDES='-I -DLA_COMPLEX_SUPPORT'
LAPACKPP_INTERNAL_LIBFILE='${top_builddir}/src/liblapackpp.la'
LAPACKPP_LDFLAGS='-L${exec_prefix}/lib'
LAPACKPP_LIBS='-llapackpp'
LAPACKPP_SO_AGE='2'
LAPACKPP_SO_CURRENT='16'
LAPACKPP_SO_REVISION='0'
LAPACKPP_VERSION_MAJOR='2'
LAPACKPP_VERSION_MINOR='5'
LAPACKPP_VERSION_PATCHLEVEL='4'
LAPACKPP_VERSION_STRING='2.5.4'
LAPACK_LIBS='/usr/lib/liblapack.so.3'
LAPACK_OS_WIN32='0'
LD='/usr/bin/ld -m elf_x86_64'
LDFLAGS='  '
LIBOBJS=''
LIBS=''
LIBTOOL='$(SHELL) $(top_builddir)/libtool'
LIPO=''
LN_S='ln -s'
LTLIBOBJS=''
MAKEINFO='${SHELL} /home/dwelter/src/pestpp/pest++/lapackpp-2.5.4_linux/missing --run makeinfo'
MKDIR_P='/bin/mkdir -p'
NM='/usr/bin/nm -B'
NMEDIT=''
OBJDUMP='objdump'
OBJEXT='o'
OTOOL64=''
OTOOL=''
PACKAGE='lapackpp'
PACKAGE_BUGREPORT=''
PACKAGE_NAME=''
PACKAGE_STRING=''
PACKAGE_TARNAME=''
PACKAGE_URL=''
PACKAGE_VERSION=''
PATH_SEPARATOR=':'
RANLIB='ranlib'
SED='/bin/sed'
SET_MAKE=''
SHELL='/bin/bash'
STRIP='strip'
VERSION='2.5.4'
WIN_PATH_HOME=''
WIN_PATH_HOME_MINGW=''
WIN_PATH_SYSTEM=''
WIN_PATH_SYSTEM_MINGW=''
WIN_PATH_WINDOWS=''
WIN_PATH_WINDOWS_MINGW=''
ac_ct_CC='gcc'
ac_ct_CXX='g++'
ac_ct_DUMPBIN=''
ac_ct_F77='gfortran'
ac_ct_FC='gfortran'
all_includes='-I${top_srcdir}/include -DLA_COMPLEX_SUPPORT -DLinux'
all_libraries='-L${top_builddir}/src -llapackpp'
am__EXEEXT_FALSE=''
am__EXEEXT_TRUE='#'
am__fastdepCC_FALSE='#'
am__fastdepCC_TRUE=''
am__fastdepCXX_FALSE='#'
am__fastdepCXX_TRUE=''
am__include='include'
am__isrc=''
am__leading_dot='.'
am__quote=''
am__tar='${AMTAR} chof - "$$tardir"'
am__untar='${AMTAR} xf -'
atlas_lib=''
atlas_libraries=''
bindir='${exec_prefix}/bin'
build='x86_64-unknown-linux-gnu'
build_alias=''
build_cpu='x86_64'
build_os='linux-gnu'
build_vendor='unknown'
datadir='${datarootdir}'
datarootdir='${prefix}/share'
docdir='${datarootdir}/doc/${PACKAGE}'
dvidir='${docdir}'
exec_prefix='${prefix}'
host='x86_64-unknown-linux-gnu'
host_alias=''
host_cpu='x86_64'
host_os='linux-gnu'
host_vendor='unknown'
htmldir='${docdir}'
includedir='${prefix}/include'
infodir='${datarootdir}/info'
install_sh='${SHELL} /home/dwelter/src/pestpp/pest++/lapackpp-2.5.4_linux/install-sh'
libdir='${exec_prefix}/lib'
libexecdir='${exec_prefix}/libexec'
localedir='${datarootdir}/locale'
localstatedir='${prefix}/var'
lt_ECHO='echo'
mandir='${datarootdir}/man'
mkdir_p='/bin/mkdir -p'
oldincludedir='/usr/include'
pdfdir='${docdir}'
prefix='/home/dwelter/src/pestpp/pest++/lapackpp-2.5.4_linux'
program_transform_name='s,x,x,'
psdir='${docdir}'
rpm_release='1'
sbindir='${exec_prefix}/sbin'
sharedstatedir='${prefix}/com'
sysconfdir='${prefix}/etc'
target='x86_64-unknown-linux-gnu'
target_alias=''
target_cpu='x86_64'
target_os='linux-gnu'
target_vendor='unknown'

## ----------- ##
## confdefs.h. ##
## ----------- ##

/* confdefs.h */
#define PACKAGE_NAME ""
#define PACKAGE_TARNAME ""
#define PACKAGE_VERSION ""
#define PACKAGE_STRING ""
#define PACKAGE_BUGREPORT ""
#define PACKAGE_URL ""
#define PACKAGE "lapackpp"
#define VERSION "2.5.4"
#define LAPACKPP_VERSION_MAJOR 2
#define LAPACKPP_VERSION_MINOR 5
#define LAPACKPP_VERSION_PATCHLEVEL 4
#define LAPACKPP_VERSION_STRING "2.5.4"
#define STDC_HEADERS 1
#define HAVE_SYS_TYPES_H 1
#define HAVE_SYS_STAT_H 1
#define HAVE_STDLIB_H 1
#define HAVE_STRING_H 1
#define HAVE_MEMORY_H 1
#define HAVE_STRINGS_H 1
#define HAVE_INTTYPES_H 1
#define HAVE_STDINT_H 1
#define HAVE_UNISTD_H 1
#define HAVE_DLFCN_H 1
#define LT_OBJDIR ".libs/"
#define STDC_HEADERS 1
#define HAVE_STDLIB_H 1
#define HAVE_UNISTD_H 1
#define HAVE_BITS_CPP_TYPE_TRAITS_H 1
#define HAVE_NAMESPACES /**/
#define HAVE_BLAS 1
#define HAVE_LAPACKPP 1

configure: exit 0
