D:\USERS\JWHITE\GIT_REPO\PESTPP\PEST++\GENIE\RELEASE\THREAD.OBJ
D:\USERS\JWHITE\GIT_REPO\PESTPP\PEST++\GENIE\RELEASE\SOCKET_UTILITIES.OBJ
D:\USERS\JWHITE\GIT_REPO\PESTPP\PEST++\GENIE\RELEASE\RUNPROCESS.OBJ
D:\USERS\JWHITE\GIT_REPO\PESTPP\PEST++\GENIE\RELEASE\RECEIVOR.OBJ
D:\USERS\JWHITE\GIT_REPO\PESTPP\PEST++\GENIE\RELEASE\NODE.OBJ
D:\USERS\JWHITE\GIT_REPO\PESTPP\PEST++\GENIE\RELEASE\MODELRUN.OBJ
D:\USERS\JWHITE\GIT_REPO\PESTPP\PEST++\GENIE\RELEASE\MODELRESULT.OBJ
D:\USERS\JWHITE\GIT_REPO\PESTPP\PEST++\GENIE\RELEASE\MESSAGE.OBJ
D:\USERS\JWHITE\GIT_REPO\PESTPP\PEST++\GENIE\RELEASE\GENIE_MISC_ROUTINES.OBJ
D:\USERS\JWHITE\GIT_REPO\PESTPP\PEST++\GENIE\RELEASE\GENIE_INTERFACE_BASE.OBJ
D:\USERS\JWHITE\GIT_REPO\PESTPP\PEST++\GENIE\RELEASE\EXECUTABLE.OBJ
D:\USERS\JWHITE\GIT_REPO\PESTPP\PEST++\GENIE\RELEASE\COMMANDLINE.OBJ
D:\USERS\JWHITE\GIT_REPO\PESTPP\PEST++\GENIE\RELEASE\CLIENT.OBJ
D:\USERS\JWHITE\GIT_REPO\PESTPP\PEST++\GENIE\RELEASE\BUFFER.OBJ
D:\USERS\JWHITE\GIT_REPO\PESTPP\PEST++\GENIE\RELEASE\VC110.PDB
D:\USERS\JWHITE\GIT_REPO\PESTPP\PEST++\GENIE\RELEASE\GENIE.LIB
D:\Users\jwhite\git_repo\pestpp\pest++\genie\Release\buffer.obj
D:\Users\jwhite\git_repo\pestpp\pest++\genie\Release\client.obj
D:\Users\jwhite\git_repo\pestpp\pest++\genie\Release\commandline.obj
D:\Users\jwhite\git_repo\pestpp\pest++\genie\Release\executable.obj
D:\Users\jwhite\git_repo\pestpp\pest++\genie\Release\GENIE_INTERFACE_BASE.obj
D:\Users\jwhite\git_repo\pestpp\pest++\genie\Release\genie_misc_routines.obj
D:\Users\jwhite\git_repo\pestpp\pest++\genie\Release\message.obj
D:\Users\jwhite\git_repo\pestpp\pest++\genie\Release\modelresult.obj
D:\Users\jwhite\git_repo\pestpp\pest++\genie\Release\modelrun.obj
D:\Users\jwhite\git_repo\pestpp\pest++\genie\Release\node.obj
D:\Users\jwhite\git_repo\pestpp\pest++\genie\Release\receivor.obj
D:\Users\jwhite\git_repo\pestpp\pest++\genie\Release\runprocess.obj
D:\Users\jwhite\git_repo\pestpp\pest++\genie\Release\socket_utilities.obj
D:\Users\jwhite\git_repo\pestpp\pest++\genie\Release\thread.obj
D:\Users\jwhite\git_repo\pestpp\pest++\genie\Release\cl.command.1.tlog
D:\Users\jwhite\git_repo\pestpp\pest++\genie\Release\CL.read.1.tlog
D:\Users\jwhite\git_repo\pestpp\pest++\genie\Release\CL.write.1.tlog
D:\Users\jwhite\git_repo\pestpp\pest++\genie\Release\Lib-link.read.1.tlog
D:\Users\jwhite\git_repo\pestpp\pest++\genie\Release\Lib-link.write.1.tlog
D:\Users\jwhite\git_repo\pestpp\pest++\genie\Release\lib.command.1.tlog
D:\Users\jwhite\git_repo\pestpp\pest++\genie\Release\vc110.pdb
D:\Users\jwhite\git_repo\pestpp\pest++\genie\Release\genie.lib
