Build started 12/3/2013 12:02:23 PM.
     1>Project "D:\Users\jwhite\git_repo\pestpp\pest++\genie\genie.vcxproj" on node 4 (Build target(s)).
     1>ClCompile:
         C:\Program Files (x86)\Microsoft Visual Studio 11.0\VC\bin\CL.exe /c /Zi /nologo /W3 /WX- /O2 /Oi /Oy- /GL /D _MBCS /Gm- /EHsc /MT /GS /Gy /fp:precise /Zc:wchar_t /Zc:forScope /Fo"Release\\" /Fd"Release\vc110.pdb" /Gd /TP /analyze- /errorReport:prompt buffer.cpp client.cpp commandline.cpp executable.cpp GENIE_INTERFACE_BASE.cpp genie_misc_routines.cpp message.cpp modelresult.cpp modelrun.cpp node.cpp receivor.cpp runprocess.cpp socket_utilities.cpp thread.cpp
         buffer.cpp
         client.cpp
         commandline.cpp
         executable.cpp
         GENIE_INTERFACE_BASE.cpp
     1>GENIE_INTERFACE_BASE.cpp(471): warning C4018: '<' : signed/unsigned mismatch
     1>GENIE_INTERFACE_BASE.cpp(483): warning C4018: '<' : signed/unsigned mismatch
     1>GENIE_INTERFACE_BASE.cpp(489): warning C4018: '<' : signed/unsigned mismatch
     1>GENIE_INTERFACE_BASE.cpp(497): warning C4018: '<' : signed/unsigned mismatch
     1>GENIE_INTERFACE_BASE.cpp(508): warning C4018: '<' : signed/unsigned mismatch
     1>GENIE_INTERFACE_BASE.cpp(531): warning C4018: '<' : signed/unsigned mismatch
     1>GENIE_INTERFACE_BASE.cpp(620): warning C4018: '<' : signed/unsigned mismatch
     1>GENIE_INTERFACE_BASE.cpp(622): warning C4018: '<' : signed/unsigned mismatch
     1>GENIE_INTERFACE_BASE.cpp(645): warning C4297: 'GENIE_INTERFACE' : function assumed not to throw an exception but does
                 __declspec(nothrow) or throw() was specified on the function
         genie_misc_routines.cpp
         message.cpp
         modelresult.cpp
         modelrun.cpp
         node.cpp
         receivor.cpp
         runprocess.cpp
     1>runprocess.cpp(224): warning C4800: 'BOOL' : forcing value to bool 'true' or 'false' (performance warning)
         socket_utilities.cpp
         thread.cpp
       Lib:
         C:\Program Files (x86)\Microsoft Visual Studio 11.0\VC\bin\Lib.exe /OUT:"Release\genie.lib" /NOLOGO /LTCG Release\buffer.obj
         Release\client.obj
         Release\commandline.obj
         Release\executable.obj
         Release\GENIE_INTERFACE_BASE.obj
         Release\genie_misc_routines.obj
         Release\message.obj
         Release\modelresult.obj
         Release\modelrun.obj
         Release\node.obj
         Release\receivor.obj
         Release\runprocess.obj
         Release\socket_utilities.obj
         Release\thread.obj
     1>GENIE_INTERFACE_BASE.obj : warning LNK4006: "class std::basic_string<char,struct std::char_traits<char>,class std::allocator<char> > __cdecl chartostring(char *)" (?chartostring@@YA?AV?$basic_string@DU?$char_traits@D@std@@V?$allocator@D@2@@std@@PAD@Z) already defined in genie_misc_routines.obj; second definition ignored
     1>GENIE_INTERFACE_BASE.obj : warning LNK4006: "class std::basic_string<char,struct std::char_traits<char>,class std::allocator<char> > __cdecl trim(class std::basic_string<char,struct std::char_traits<char>,class std::allocator<char> > &)" (?trim@@YA?AV?$basic_string@DU?$char_traits@D@std@@V?$allocator@D@2@@std@@AAV12@@Z) already defined in genie_misc_routines.obj; second definition ignored
         genie.vcxproj -> D:\Users\jwhite\git_repo\pestpp\pest++\genie\Release\genie.lib
     1>Done Building Project "D:\Users\jwhite\git_repo\pestpp\pest++\genie\genie.vcxproj" (Build target(s)).

Build succeeded.

Time Elapsed 00:00:13.96
