  Skipping... (no relevant changes detected)
  CoinWarmStartVector.cpp
  CoinWarmStartPrimalDual.cpp
  CoinWarmStartDual.cpp
  CoinWarmStartBasis.cpp
  CoinStructuredModel.cpp
  CoinSnapshot.cpp
  CoinSimpFactorization.cpp
  CoinShallowPackedVector.cpp
  CoinSearchTree.cpp
  CoinRational.cpp
  CoinPresolveZeros.cpp
  CoinPresolveUseless.cpp
  CoinPresolveTripleton.cpp
  CoinPresolveTighten.cpp
  CoinPresolveSubst.cpp
  CoinPresolveSingleton.cpp
  CoinPresolvePsdebug.cpp
  CoinPresolveMatrix.cpp
  CoinPresolveIsolated.cpp
  CoinPresolveImpliedFree.cpp
  CoinPresolveHelperFunctions.cpp
  CoinPresolveForcing.cpp
  CoinPresolveFixed.cpp
  CoinPresolveEmpty.cpp
  CoinPresolveDupcol.cpp
  CoinPresolveDual.cpp
  CoinPresolveDoubleton.cpp
  CoinPrePostsolveMatrix.cpp
  CoinPostsolveMatrix.cpp
  CoinParamUtils.cpp
  CoinParam.cpp
  CoinPackedVectorBase.cpp
  CoinPackedVector.cpp
  CoinPackedMatrix.cpp
  CoinOslFactorization3.cpp
  CoinOslFactorization2.cpp
  CoinOslFactorization.cpp
  CoinMpsIO.cpp
  CoinModelUseful2.cpp
  CoinModelUseful.cpp
  CoinModel.cpp
  CoinMessageHandler.cpp
  CoinMessage.cpp
  CoinLpIO.cpp
  CoinIndexedVector.cpp
  CoinFinite.cpp
  CoinFileIO.cpp
  CoinFactorization4.cpp
  CoinFactorization3.cpp
  CoinFactorization2.cpp
  CoinFactorization1.cpp
  CoinError.cpp
  CoinDenseVector.cpp
  CoinDenseFactorization.cpp
  CoinBuild.cpp
  CoinAlloc.cpp
CoinPresolvePsdebug.obj : warning LNK4221: This object file does not define any previously undefined public symbols, so it will not be used by any link operation that consumes this library
  libCoinUtils.vcxproj -> D:\Home\git\pestpp\src\x64\Debug\libCoinUtils.lib
