  GsaAbstractBase.cpp
  main.cpp
  MorrisMethod.cpp
MorrisMethod.cpp(452): warning C4244: '+=' : conversion from 'double' to 'int', possible loss of data
  sobol.cpp
  Stats.cpp
Stats.cpp(257): warning C4018: '<=' : signed/unsigned mismatch
Stats.cpp(270): warning C4018: '<=' : signed/unsigned mismatch
  Generating code
  Finished generating code
yamr.lib(utilities.obj) : warning LNK4099: PDB 'vc120.pdb' was not found with 'yamr.lib(utilities.obj)' or at 'C:\Users\dwelter\Documents\Visual Studio 2013\Projects\pestpp\pest++\Release\vc120.pdb'; linking object as if no debug info
yamr.lib(Transformable.obj) : warning LNK4099: PDB 'vc120.pdb' was not found with 'yamr.lib(Transformable.obj)' or at 'C:\Users\dwelter\Documents\Visual Studio 2013\Projects\pestpp\pest++\Release\vc120.pdb'; linking object as if no debug info
yamr.lib(YamrSlave.obj) : warning LNK4099: PDB 'vc120.pdb' was not found with 'yamr.lib(YamrSlave.obj)' or at 'C:\Users\dwelter\Documents\Visual Studio 2013\Projects\pestpp\pest++\Release\vc120.pdb'; linking object as if no debug info
yamr.lib(RunManagerSerial.obj) : warning LNK4099: PDB 'vc120.pdb' was not found with 'yamr.lib(RunManagerSerial.obj)' or at 'C:\Users\dwelter\Documents\Visual Studio 2013\Projects\pestpp\pest++\Release\vc120.pdb'; linking object as if no debug info
yamr.lib(RunManagerGenie.obj) : warning LNK4099: PDB 'vc120.pdb' was not found with 'yamr.lib(RunManagerGenie.obj)' or at 'C:\Users\dwelter\Documents\Visual Studio 2013\Projects\pestpp\pest++\Release\vc120.pdb'; linking object as if no debug info
yamr.lib(RunManagerYAMR.obj) : warning LNK4099: PDB 'vc120.pdb' was not found with 'yamr.lib(RunManagerYAMR.obj)' or at 'C:\Users\dwelter\Documents\Visual Studio 2013\Projects\pestpp\pest++\Release\vc120.pdb'; linking object as if no debug info
yamr.lib(RunStorage.obj) : warning LNK4099: PDB 'vc120.pdb' was not found with 'yamr.lib(RunStorage.obj)' or at 'C:\Users\dwelter\Documents\Visual Studio 2013\Projects\pestpp\pest++\Release\vc120.pdb'; linking object as if no debug info
yamr.lib(system_variables.obj) : warning LNK4099: PDB 'vc120.pdb' was not found with 'yamr.lib(system_variables.obj)' or at 'C:\Users\dwelter\Documents\Visual Studio 2013\Projects\pestpp\pest++\Release\vc120.pdb'; linking object as if no debug info
yamr.lib(linpackc.obj) : warning LNK4099: PDB 'vc120.pdb' was not found with 'yamr.lib(linpackc.obj)' or at 'C:\Users\dwelter\Documents\Visual Studio 2013\Projects\pestpp\pest++\Release\vc120.pdb'; linking object as if no debug info
yamr.lib(network_package.obj) : warning LNK4099: PDB 'vc120.pdb' was not found with 'yamr.lib(network_package.obj)' or at 'C:\Users\dwelter\Documents\Visual Studio 2013\Projects\pestpp\pest++\Release\vc120.pdb'; linking object as if no debug info
yamr.lib(network_wrapper.obj) : warning LNK4099: PDB 'vc120.pdb' was not found with 'yamr.lib(network_wrapper.obj)' or at 'C:\Users\dwelter\Documents\Visual Studio 2013\Projects\pestpp\pest++\Release\vc120.pdb'; linking object as if no debug info
yamr.lib(Serializeation.obj) : warning LNK4099: PDB 'vc120.pdb' was not found with 'yamr.lib(Serializeation.obj)' or at 'C:\Users\dwelter\Documents\Visual Studio 2013\Projects\pestpp\pest++\Release\vc120.pdb'; linking object as if no debug info
yamr.lib(RunManagerAbstract.obj) : warning LNK4099: PDB 'vc120.pdb' was not found with 'yamr.lib(RunManagerAbstract.obj)' or at 'C:\Users\dwelter\Documents\Visual Studio 2013\Projects\pestpp\pest++\Release\vc120.pdb'; linking object as if no debug info
pestpp_common.lib(FileManager.obj) : warning LNK4099: PDB 'vc120.pdb' was not found with 'pestpp_common.lib(FileManager.obj)' or at 'C:\Users\dwelter\Documents\Visual Studio 2013\Projects\pestpp\pest++\Release\vc120.pdb'; linking object as if no debug info
pestpp_common.lib(pest_data_structs.obj) : warning LNK4099: PDB 'vc120.pdb' was not found with 'pestpp_common.lib(pest_data_structs.obj)' or at 'C:\Users\dwelter\Documents\Visual Studio 2013\Projects\pestpp\pest++\Release\vc120.pdb'; linking object as if no debug info
pestpp_common.lib(ModelRunPP.obj) : warning LNK4099: PDB 'vc120.pdb' was not found with 'pestpp_common.lib(ModelRunPP.obj)' or at 'C:\Users\dwelter\Documents\Visual Studio 2013\Projects\pestpp\pest++\Release\vc120.pdb'; linking object as if no debug info
pestpp_common.lib(Pest.obj) : warning LNK4099: PDB 'vc120.pdb' was not found with 'pestpp_common.lib(Pest.obj)' or at 'C:\Users\dwelter\Documents\Visual Studio 2013\Projects\pestpp\pest++\Release\vc120.pdb'; linking object as if no debug info
pestpp_common.lib(ParamTransformSeq.obj) : warning LNK4099: PDB 'vc120.pdb' was not found with 'pestpp_common.lib(ParamTransformSeq.obj)' or at 'C:\Users\dwelter\Documents\Visual Studio 2013\Projects\pestpp\pest++\Release\vc120.pdb'; linking object as if no debug info
pestpp_common.lib(ObjectiveFunc.obj) : warning LNK4099: PDB 'vc120.pdb' was not found with 'pestpp_common.lib(ObjectiveFunc.obj)' or at 'C:\Users\dwelter\Documents\Visual Studio 2013\Projects\pestpp\pest++\Release\vc120.pdb'; linking object as if no debug info
pestpp_common.lib(Regularization.obj) : warning LNK4099: PDB 'vc120.pdb' was not found with 'pestpp_common.lib(Regularization.obj)' or at 'C:\Users\dwelter\Documents\Visual Studio 2013\Projects\pestpp\pest++\Release\vc120.pdb'; linking object as if no debug info
pestpp_common.lib(Transformation.obj) : warning LNK4099: PDB 'vc120.pdb' was not found with 'pestpp_common.lib(Transformation.obj)' or at 'C:\Users\dwelter\Documents\Visual Studio 2013\Projects\pestpp\pest++\Release\vc120.pdb'; linking object as if no debug info
pestpp_common.lib(PriorInformation.obj) : warning LNK4099: PDB 'vc120.pdb' was not found with 'pestpp_common.lib(PriorInformation.obj)' or at 'C:\Users\dwelter\Documents\Visual Studio 2013\Projects\pestpp\pest++\Release\vc120.pdb'; linking object as if no debug info
pestpp_common.lib(Jacobian.obj) : warning LNK4099: PDB 'vc120.pdb' was not found with 'pestpp_common.lib(Jacobian.obj)' or at 'C:\Users\dwelter\Documents\Visual Studio 2013\Projects\pestpp\pest++\Release\vc120.pdb'; linking object as if no debug info
pestpp_common.lib(SVDPackage.obj) : warning LNK4099: PDB 'vc120.pdb' was not found with 'pestpp_common.lib(SVDPackage.obj)' or at 'C:\Users\dwelter\Documents\Visual Studio 2013\Projects\pestpp\pest++\Release\vc120.pdb'; linking object as if no debug info
pestpp_common.lib(eigen_tools.obj) : warning LNK4099: PDB 'vc120.pdb' was not found with 'pestpp_common.lib(eigen_tools.obj)' or at 'C:\Users\dwelter\Documents\Visual Studio 2013\Projects\pestpp\pest++\Release\vc120.pdb'; linking object as if no debug info
pestpp_common.lib(SVD_PROPACK.obj) : warning LNK4099: PDB 'vc120.pdb' was not found with 'pestpp_common.lib(SVD_PROPACK.obj)' or at 'C:\Users\dwelter\Documents\Visual Studio 2013\Projects\pestpp\pest++\Release\vc120.pdb'; linking object as if no debug info
pestpp_common.lib(QSqrtMatrix.obj) : warning LNK4099: PDB 'vc120.pdb' was not found with 'pestpp_common.lib(QSqrtMatrix.obj)' or at 'C:\Users\dwelter\Documents\Visual Studio 2013\Projects\pestpp\pest++\Release\vc120.pdb'; linking object as if no debug info
  morris_meth.vcxproj -> C:\Users\dwelter\Documents\Visual Studio 2013\Projects\pestpp\pest++\Release\gsa.exe
