  IdiSolve.cpp
  Idiot.cpp
  ClpSolve.cpp
  ClpSimplexPrimal.cpp
  ClpSimplexOther.cpp
..\..\..\src\ClpSimplexOther.cpp(8429): warning C4244: 'initializing': conversion from '__int64' to 'long', possible loss of data
  ClpSimplexNonlinear.cpp
  ClpSimplexDual.cpp
  ClpSimplex.cpp
  ClpQuadraticObjective.cpp
  ClpPrimalColumnSteepest.cpp
  ClpPrimalColumnPivot.cpp
  ClpPrimalColumnDantzig.cpp
  ClpPresolve.cpp
  ClpPredictorCorrector.cpp
  ClpPlusMinusOneMatrix.cpp
  ClpPdcoBase.cpp
  ClpPdco.cpp
..\..\..\src\ClpPdco.cpp(632): warning C4800: 'double': forcing value to bool 'true' or 'false' (performance warning)
  ClpPackedMatrix.cpp
  ClpObjective.cpp
  ClpNonLinearCost.cpp
  Generating Code...
  Compiling...
  ClpNode.cpp
  ClpNetworkMatrix.cpp
  ClpNetworkBasis.cpp
  ClpModel.cpp
  ClpMessage.cpp
  ClpMatrixBase.cpp
  ClpLsqr.cpp
  ClpLinearObjective.cpp
  ClpInterior.cpp
  ClpHelperFunctions.cpp
  ClpGubMatrix.cpp
  ClpGubDynamicMatrix.cpp
  ClpFactorization.cpp
  ClpEventHandler.cpp
  ClpDynamicMatrix.cpp
  ClpDynamicExampleMatrix.cpp
  ClpDummyMatrix.cpp
  ClpDualRowSteepest.cpp
  ClpDualRowPivot.cpp
  ClpDualRowDantzig.cpp
  Generating Code...
  Compiling...
  ClpConstraintQuadratic.cpp
  ClpConstraintLinear.cpp
  ClpConstraint.cpp
  ClpCholeskyDense.cpp
  ClpCholeskyBase.cpp
  Clp_C_Interface.cpp
..\..\..\src\Clp_C_Interface.cpp(1308): warning C4800: 'int': forcing value to bool 'true' or 'false' (performance warning)
..\..\..\src\Clp_C_Interface.cpp(1312): warning C4800: 'int': forcing value to bool 'true' or 'false' (performance warning)
..\..\..\src\Clp_C_Interface.cpp(1315): warning C4800: 'int': forcing value to bool 'true' or 'false' (performance warning)
..\..\..\src\Clp_C_Interface.cpp(1318): warning C4800: 'int': forcing value to bool 'true' or 'false' (performance warning)
..\..\..\src\Clp_C_Interface.cpp(1321): warning C4800: 'int': forcing value to bool 'true' or 'false' (performance warning)
..\..\..\src\Clp_C_Interface.cpp(1324): warning C4800: 'int': forcing value to bool 'true' or 'false' (performance warning)
..\..\..\src\Clp_C_Interface.cpp(1327): warning C4800: 'int': forcing value to bool 'true' or 'false' (performance warning)
..\..\..\src\Clp_C_Interface.cpp(1330): warning C4800: 'int': forcing value to bool 'true' or 'false' (performance warning)
..\..\..\src\Clp_C_Interface.cpp(1333): warning C4800: 'int': forcing value to bool 'true' or 'false' (performance warning)
..\..\..\src\Clp_C_Interface.cpp(1336): warning C4800: 'int': forcing value to bool 'true' or 'false' (performance warning)
..\..\..\src\Clp_C_Interface.cpp(1339): warning C4800: 'int': forcing value to bool 'true' or 'false' (performance warning)
  Generating Code...
  libClp.vcxproj -> D:\Home\git\pestpp\src\libs\Cbc-2.9.8\Clp\MSVisualStudio\v10\x64-v140-Debug\libClp.lib
