  CbcTreeLocal.cpp
  CbcTree.cpp
  CbcThread.cpp
  CbcSubProblem.cpp
  CbcStrategy.cpp
  CbcStatistics.cpp
  CbcSOS.cpp
  CbcSimpleIntegerPseudoCost.cpp
  CbcSimpleIntegerDynamicPseudoCost.cpp
  CbcSimpleInteger.cpp
  CbcPartialNodeInfo.cpp
  CbcParam.cpp
..\..\..\src\CbcParam.cpp(169): warning C4267: '=': conversion from 'size_t' to 'unsigned int', possible loss of data
..\..\..\src\CbcParam.cpp(174): warning C4267: '=': conversion from 'size_t' to 'unsigned int', possible loss of data
..\..\..\src\CbcParam.cpp(222): warning C4267: 'initializing': conversion from 'size_t' to 'int', possible loss of data
..\..\..\src\CbcParam.cpp(231): warning C4267: 'initializing': conversion from 'size_t' to 'unsigned int', possible loss of data
..\..\..\src\CbcParam.cpp(235): warning C4267: '=': conversion from 'size_t' to 'unsigned int', possible loss of data
..\..\..\src\CbcParam.cpp(238): warning C4267: '=': conversion from 'size_t' to 'unsigned int', possible loss of data
  CbcObjectUpdateData.cpp
  CbcObject.cpp
  CbcNWay.cpp
  CbcNodeInfo.cpp
  CbcNode.cpp
  CbcModel.cpp
  CbcMipStartIO.cpp
C:\Program Files (x86)\Microsoft Visual Studio 14.0\VC\include\xutility(2322): warning C4996: 'std::copy::_Unchecked_iterators::_Deprecate': Call to 'std::copy' with parameters that may be unsafe - this call relies on the caller to check that the passed values are correct. To disable this warning, use -D_SCL_SECURE_NO_WARNINGS. See documentation on how to use Visual C++ 'Checked Iterators'
  C:\Program Files (x86)\Microsoft Visual Studio 14.0\VC\include\xutility(2322): note: see declaration of 'std::copy::_Unchecked_iterators::_Deprecate'
  ..\..\..\src\CbcMipStartIO.cpp(291): note: see reference to function template instantiation '_OutIt std::copy<const double*,double*>(_InIt,_InIt,_OutIt)' being compiled
          with
          [
              _OutIt=double *,
              _InIt=const double *
          ]
  CbcMessage.cpp
  Generating Code...
  Compiling...
  CbcHeuristicVND.cpp
  CbcHeuristicRINS.cpp
  CbcHeuristicRENS.cpp
  CbcHeuristicRandRound.cpp
  CbcHeuristicPivotAndFix.cpp
  CbcHeuristicLocal.cpp
..\..\..\src\CbcHeuristicLocal.cpp(1205): warning C4244: 'initializing': conversion from 'double' to 'int', possible loss of data
..\..\..\src\CbcHeuristicLocal.cpp(1206): warning C4244: 'initializing': conversion from 'double' to 'int', possible loss of data
  CbcHeuristicGreedy.cpp
  CbcHeuristicFPump.cpp
  CbcHeuristicDW.cpp
  CbcHeuristicDiveVectorLength.cpp
..\..\..\src\CbcHeuristicDiveVectorLength.cpp(128): warning C4018: '>': signed/unsigned mismatch
..\..\..\src\CbcHeuristicDiveVectorLength.cpp(130): warning C4018: '<': signed/unsigned mismatch
  CbcHeuristicDivePseudoCost.cpp
..\..\..\src\CbcHeuristicDivePseudoCost.cpp(140): warning C4018: '>': signed/unsigned mismatch
..\..\..\src\CbcHeuristicDivePseudoCost.cpp(142): warning C4018: '<': signed/unsigned mismatch
  CbcHeuristicDiveLineSearch.cpp
..\..\..\src\CbcHeuristicDiveLineSearch.cpp(119): warning C4018: '>': signed/unsigned mismatch
..\..\..\src\CbcHeuristicDiveLineSearch.cpp(121): warning C4018: '<': signed/unsigned mismatch
  CbcHeuristicDiveGuided.cpp
..\..\..\src\CbcHeuristicDiveGuided.cpp(122): warning C4018: '>': signed/unsigned mismatch
..\..\..\src\CbcHeuristicDiveGuided.cpp(124): warning C4018: '<': signed/unsigned mismatch
  CbcHeuristicDiveFractional.cpp
..\..\..\src\CbcHeuristicDiveFractional.cpp(111): warning C4018: '>': signed/unsigned mismatch
..\..\..\src\CbcHeuristicDiveFractional.cpp(113): warning C4018: '<': signed/unsigned mismatch
  CbcHeuristicDiveCoefficient.cpp
..\..\..\src\CbcHeuristicDiveCoefficient.cpp(127): warning C4018: '>': signed/unsigned mismatch
..\..\..\src\CbcHeuristicDiveCoefficient.cpp(129): warning C4018: '<': signed/unsigned mismatch
  CbcHeuristicDive.cpp
..\..\..\src\CbcHeuristicDive.cpp(688): warning C4018: '>': signed/unsigned mismatch
..\..\..\src\CbcHeuristicDive.cpp(723): warning C4018: '>': signed/unsigned mismatch
  CbcHeuristicDINS.cpp
  CbcHeuristic.cpp
  CbcGeneralDepth.cpp
  CbcGeneral.cpp
  Generating Code...
  Compiling...
  CbcFullNodeInfo.cpp
  CbcFollowOn.cpp
  CbcFixVariable.cpp
  CbcFathomDynamicProgramming.cpp
  CbcFathom.cpp
  CbcEventHandler.cpp
  CbcDummyBranchingObject.cpp
  CbcCutSubsetModifier.cpp
  CbcCutModifier.cpp
  CbcCutGenerator.cpp
  CbcCountRowCut.cpp
  CbcConsequence.cpp
  CbcCompareObjective.cpp
  CbcCompareEstimate.cpp
  CbcCompareDepth.cpp
  CbcCompareDefault.cpp
  CbcClique.cpp
  CbcBranchToFixLots.cpp
  CbcBranchLotsize.cpp
  CbcBranchingObject.cpp
  Generating Code...
  Compiling...
  CbcBranchDynamic.cpp
  CbcBranchDefaultDecision.cpp
  CbcBranchDecision.cpp
  CbcBranchCut.cpp
  CbcBranchAllDifferent.cpp
  Generating Code...
  libCbc.vcxproj -> E:\svn\Cbc-2.9.8\Cbc\MSVisualStudio\v10\x64-v140-Debug\libCbc.lib
