Build started 12/3/2013 3:21:15 PM.
     1>Project "D:\Users\jwhite\git_repo\pestpp\pest++\pestpp_common\pestpp_common.vcxproj" on node 3 (Build target(s)).
     1>Link:
         C:\Program Files (x86)\Microsoft Visual Studio 11.0\VC\bin\link.exe /ERRORREPORT:PROMPT /OUT:"D:\Users\jwhite\git_repo\pestpp\pest++\Release\pestpp_common.exe" /NOLOGO kernel32.lib user32.lib gdi32.lib winspool.lib comdlg32.lib advapi32.lib shell32.lib ole32.lib oleaut32.lib uuid.lib odbc32.lib odbccp32.lib /MANIFEST /MANIFESTUAC:"level='asInvoker' uiAccess='false'" /manifest:embed /DEBUG /PDB:"D:\Users\jwhite\git_repo\pestpp\pest++\Release\pestpp_common.pdb" /OPT:REF /OPT:ICF /LTCG /TLBID:1 /DYNAMICBASE /NXCOMPAT /IMPLIB:"D:\Users\jwhite\git_repo\pestpp\pest++\Release\pestpp_common.lib" /MACHINE:X86 /SAFESEH Release\eigen_tools.obj
         Release\FileManager.obj
         Release\Jacobian.obj
         Release\Jacobian_1to1.obj
         Release\ModelRunPP.obj
         Release\ObjectiveFunc.obj
         Release\OutputFileWriter.obj
         Release\ParamTransformSeq.obj
         Release\Pest.obj
         Release\pest_data_structs.obj
         Release\PriorInformation.obj
         Release\QSqrtMatrix.obj
         Release\Regularization.obj
         Release\SVDASolver.obj
         Release\SVDPackage.obj
         Release\SVDSolver.obj
         Release\SVD_PROPACK.obj
         Release\TerminationController.obj
         Release\Transformation.obj
     1>LINK : fatal error LNK1561: entry point must be defined
     1>Done Building Project "D:\Users\jwhite\git_repo\pestpp\pest++\pestpp_common\pestpp_common.vcxproj" (Build target(s)) -- FAILED.

Build FAILED.

Time Elapsed 00:00:02.12
